17-08-21 11:59:06.468 restartedMain         INFO m.c.CustomerMsApplication               logStarting   55 Starting CustomerMsApplication using Java 1.8.0_291 on LAPTOP-AIR63DJ5 with PID 19676 (E:\MFPE\Back-end\customer-ms\target\classes started by tejat in E:\MFPE\Back-end\customer-ms)
17-08-21 11:59:06.475 restartedMain         INFO m.c.CustomerMsApplication     logStartupProfileInfo  659 No active profile set, falling back to default profiles: default
17-08-21 11:59:09.208 restartedMain         INFO o.a.c.c.StandardService                         log  173 Starting service [Tomcat]
17-08-21 11:59:09.209 restartedMain         INFO o.a.c.core.StandardEngine                       log  173 Starting Servlet engine: [Apache Tomcat/9.0.50]
17-08-21 11:59:09.397 restartedMain         INFO o.a.c.c.C.[.[.[/customer]                       log  173 Initializing Spring embedded WebApplicationContext
17-08-21 11:59:09.463 restartedMain         INFO c.z.h.HikariDataSource                getConnection  110 HikariPool-1 - Starting...
17-08-21 11:59:09.893 restartedMain         INFO c.z.h.HikariDataSource                getConnection  123 HikariPool-1 - Start completed.
17-08-21 11:59:12.088 restartedMain        DEBUG org.hibernate.SQL                      logStatement  144 drop table if exists customer CASCADE 
17-08-21 11:59:12.097 restartedMain        DEBUG org.hibernate.SQL                      logStatement  144 create table customer (slno bigint generated by default as identity, address varchar(50), customer_id varchar(255), customer_name varchar(20), date_of_birth timestamp, gender integer not null, pan_no varchar(255), password varchar(255) not null, primary key (slno))
17-08-21 11:59:14.504 restartedMain         INFO uestMappingHandlerMapping        initHandlerMethods   69 Mapped URL path [/v2/api-docs] onto method [springfox.documentation.swagger2.web.Swagger2Controller#getDocumentation(String, HttpServletRequest)]
17-08-21 11:59:19.228 restartedMain         INFO tationPluginsBootstrapper                     start  160 Context refreshed
17-08-21 11:59:19.345 restartedMain         INFO tationPluginsBootstrapper                     start  163 Found 1 custom documentation plugin(s)
17-08-21 11:59:19.436 restartedMain         INFO piListingReferenceScanner                      scan   41 Scanning for api listing references
17-08-21 11:59:19.956 restartedMain         INFO m.c.CustomerMsApplication                logStarted   61 Started CustomerMsApplication in 15.561 seconds (JVM running for 16.898)
17-08-21 12:38:16.574 Thread-3             DEBUG org.hibernate.SQL                      logStatement  144 drop table if exists customer CASCADE 
17-08-21 12:38:16.948 Thread-3              INFO c.z.h.HikariDataSource                        close  350 HikariPool-1 - Shutdown initiated...
17-08-21 12:38:16.960 Thread-3              INFO c.z.h.HikariDataSource                        close  352 HikariPool-1 - Shutdown completed.
17-08-21 12:38:19.848 restartedMain         INFO m.c.CustomerMsApplication               logStarting   55 Starting CustomerMsApplication using Java 1.8.0_291 on LAPTOP-AIR63DJ5 with PID 19676 (E:\MFPE\Back-end\customer-ms\target\classes started by tejat in E:\MFPE\Back-end\customer-ms)
17-08-21 12:38:19.849 restartedMain         INFO m.c.CustomerMsApplication     logStartupProfileInfo  659 No active profile set, falling back to default profiles: default
17-08-21 12:38:22.233 restartedMain         INFO o.a.c.c.StandardService                         log  173 Starting service [Tomcat]
17-08-21 12:38:22.234 restartedMain         INFO o.a.c.core.StandardEngine                       log  173 Starting Servlet engine: [Apache Tomcat/9.0.50]
17-08-21 12:38:22.282 restartedMain         INFO o.a.c.c.C.[.[.[/customer]                       log  173 Initializing Spring embedded WebApplicationContext
17-08-21 12:38:22.353 restartedMain         INFO c.z.h.HikariDataSource                getConnection  110 HikariPool-2 - Starting...
17-08-21 12:38:22.360 restartedMain         INFO c.z.h.HikariDataSource                getConnection  123 HikariPool-2 - Start completed.
17-08-21 12:38:22.422 restartedMain         INFO c.z.h.HikariDataSource                        close  350 HikariPool-2 - Shutdown initiated...
17-08-21 12:38:22.426 restartedMain         INFO c.z.h.HikariDataSource                        close  352 HikariPool-2 - Shutdown completed.
17-08-21 12:38:22.427 restartedMain         INFO o.a.c.c.StandardService                         log  173 Stopping service [Tomcat]
17-08-21 12:38:22.521 restartedMain        ERROR o.s.b.SpringApplication               reportFailure  843 Application run failed
org.springframework.beans.factory.BeanCreationException: Error creating bean with name 'dataSourceScriptDatabaseInitializer' defined in class path resource [org/springframework/boot/autoconfigure/sql/init/DataSourceInitializationConfiguration.class]: Invocation of init method failed; nested exception is org.springframework.jdbc.datasource.init.ScriptStatementFailedException: Failed to execute SQL script statement #1 of URL [file:/E:/MFPE/Back-end/customer-ms/target/classes/data.sql]: insert into Customer (slno,customer_Id, customer_Name, address, date_Of_Birth, pan_No, gender, password) values (0,'SBCU000000', 'cust', 'Delhi,India', '1999-05-24', 'AAAAA1111A', 0, 'cust'); nested exception is org.h2.jdbc.JdbcSQLSyntaxErrorException: Table "CUSTOMER" not found; SQL statement:
insert into Customer (slno,customer_Id, customer_Name, address, date_Of_Birth, pan_No, gender, password) values (0,'SBCU000000', 'cust', 'Delhi,India', '1999-05-24', 'AAAAA1111A', 0, 'cust') [42102-200]
	at org.springframework.beans.factory.support.AbstractAutowireCapableBeanFactory.initializeBean(AbstractAutowireCapableBeanFactory.java:1786) ~[spring-beans-5.3.9.jar:5.3.9]
	at org.springframework.beans.factory.support.AbstractAutowireCapableBeanFactory.doCreateBean(AbstractAutowireCapableBeanFactory.java:602) ~[spring-beans-5.3.9.jar:5.3.9]
	at org.springframework.beans.factory.support.AbstractAutowireCapableBeanFactory.createBean(AbstractAutowireCapableBeanFactory.java:524) ~[spring-beans-5.3.9.jar:5.3.9]
	at org.springframework.beans.factory.support.AbstractBeanFactory.lambda$doGetBean$0(AbstractBeanFactory.java:335) ~[spring-beans-5.3.9.jar:5.3.9]
	at org.springframework.beans.factory.support.DefaultSingletonBeanRegistry.getSingleton(DefaultSingletonBeanRegistry.java:234) ~[spring-beans-5.3.9.jar:5.3.9]
	at org.springframework.beans.factory.support.AbstractBeanFactory.doGetBean(AbstractBeanFactory.java:333) ~[spring-beans-5.3.9.jar:5.3.9]
	at org.springframework.beans.factory.support.AbstractBeanFactory.getBean(AbstractBeanFactory.java:208) ~[spring-beans-5.3.9.jar:5.3.9]
	at org.springframework.beans.factory.support.AbstractBeanFactory.doGetBean(AbstractBeanFactory.java:322) ~[spring-beans-5.3.9.jar:5.3.9]
	at org.springframework.beans.factory.support.AbstractBeanFactory.getBean(AbstractBeanFactory.java:208) ~[spring-beans-5.3.9.jar:5.3.9]
	at org.springframework.context.support.AbstractApplicationContext.getBean(AbstractApplicationContext.java:1154) ~[spring-context-5.3.9.jar:5.3.9]
	at org.springframework.context.support.AbstractApplicationContext.finishBeanFactoryInitialization(AbstractApplicationContext.java:908) ~[spring-context-5.3.9.jar:5.3.9]
	at org.springframework.context.support.AbstractApplicationContext.refresh(AbstractApplicationContext.java:583) ~[spring-context-5.3.9.jar:5.3.9]
	at org.springframework.boot.web.servlet.context.ServletWebServerApplicationContext.refresh(ServletWebServerApplicationContext.java:145) ~[spring-boot-2.5.3.jar:2.5.3]
	at org.springframework.boot.SpringApplication.refresh(SpringApplication.java:754) [spring-boot-2.5.3.jar:2.5.3]
	at org.springframework.boot.SpringApplication.refreshContext(SpringApplication.java:434) [spring-boot-2.5.3.jar:2.5.3]
	at org.springframework.boot.SpringApplication.run(SpringApplication.java:338) [spring-boot-2.5.3.jar:2.5.3]
	at org.springframework.boot.SpringApplication.run(SpringApplication.java:1343) [spring-boot-2.5.3.jar:2.5.3]
	at org.springframework.boot.SpringApplication.run(SpringApplication.java:1332) [spring-boot-2.5.3.jar:2.5.3]
	at com.mfpe.customer.CustomerMsApplication.main(CustomerMsApplication.java:12) [classes/:na]
	at sun.reflect.NativeMethodAccessorImpl.invoke0(Native Method) ~[na:1.8.0_291]
	at sun.reflect.NativeMethodAccessorImpl.invoke(NativeMethodAccessorImpl.java:62) ~[na:1.8.0_291]
	at sun.reflect.DelegatingMethodAccessorImpl.invoke(DelegatingMethodAccessorImpl.java:43) ~[na:1.8.0_291]
	at java.lang.reflect.Method.invoke(Method.java:498) ~[na:1.8.0_291]
	at org.springframework.boot.devtools.restart.RestartLauncher.run(RestartLauncher.java:49) [spring-boot-devtools-2.5.3.jar:2.5.3]
Caused by: org.springframework.jdbc.datasource.init.ScriptStatementFailedException: Failed to execute SQL script statement #1 of URL [file:/E:/MFPE/Back-end/customer-ms/target/classes/data.sql]: insert into Customer (slno,customer_Id, customer_Name, address, date_Of_Birth, pan_No, gender, password) values (0,'SBCU000000', 'cust', 'Delhi,India', '1999-05-24', 'AAAAA1111A', 0, 'cust'); nested exception is org.h2.jdbc.JdbcSQLSyntaxErrorException: Table "CUSTOMER" not found; SQL statement:
insert into Customer (slno,customer_Id, customer_Name, address, date_Of_Birth, pan_No, gender, password) values (0,'SBCU000000', 'cust', 'Delhi,India', '1999-05-24', 'AAAAA1111A', 0, 'cust') [42102-200]
	at org.springframework.jdbc.datasource.init.ScriptUtils.executeSqlScript(ScriptUtils.java:282) ~[spring-jdbc-5.3.9.jar:5.3.9]
	at org.springframework.jdbc.datasource.init.ResourceDatabasePopulator.populate(ResourceDatabasePopulator.java:254) ~[spring-jdbc-5.3.9.jar:5.3.9]
	at org.springframework.jdbc.datasource.init.DatabasePopulatorUtils.execute(DatabasePopulatorUtils.java:49) ~[spring-jdbc-5.3.9.jar:5.3.9]
	at org.springframework.boot.jdbc.init.DataSourceScriptDatabaseInitializer.runScripts(DataSourceScriptDatabaseInitializer.java:89) ~[spring-boot-2.5.3.jar:2.5.3]
	at org.springframework.boot.sql.init.AbstractScriptDatabaseInitializer.runScripts(AbstractScriptDatabaseInitializer.java:145) ~[spring-boot-2.5.3.jar:2.5.3]
	at org.springframework.boot.sql.init.AbstractScriptDatabaseInitializer.applyScripts(AbstractScriptDatabaseInitializer.java:107) ~[spring-boot-2.5.3.jar:2.5.3]
	at org.springframework.boot.sql.init.AbstractScriptDatabaseInitializer.applyDataScripts(AbstractScriptDatabaseInitializer.java:101) ~[spring-boot-2.5.3.jar:2.5.3]
	at org.springframework.boot.sql.init.AbstractScriptDatabaseInitializer.initializeDatabase(AbstractScriptDatabaseInitializer.java:76) ~[spring-boot-2.5.3.jar:2.5.3]
	at org.springframework.boot.sql.init.AbstractScriptDatabaseInitializer.afterPropertiesSet(AbstractScriptDatabaseInitializer.java:65) ~[spring-boot-2.5.3.jar:2.5.3]
	at org.springframework.beans.factory.support.AbstractAutowireCapableBeanFactory.invokeInitMethods(AbstractAutowireCapableBeanFactory.java:1845) ~[spring-beans-5.3.9.jar:5.3.9]
	at org.springframework.beans.factory.support.AbstractAutowireCapableBeanFactory.initializeBean(AbstractAutowireCapableBeanFactory.java:1782) ~[spring-beans-5.3.9.jar:5.3.9]
	... 23 common frames omitted
Caused by: org.h2.jdbc.JdbcSQLSyntaxErrorException: Table "CUSTOMER" not found; SQL statement:
insert into Customer (slno,customer_Id, customer_Name, address, date_Of_Birth, pan_No, gender, password) values (0,'SBCU000000', 'cust', 'Delhi,India', '1999-05-24', 'AAAAA1111A', 0, 'cust') [42102-200]
	at org.h2.message.DbException.getJdbcSQLException(DbException.java:453) ~[h2-1.4.200.jar:1.4.200]
	at org.h2.message.DbException.getJdbcSQLException(DbException.java:429) ~[h2-1.4.200.jar:1.4.200]
	at org.h2.message.DbException.get(DbException.java:205) ~[h2-1.4.200.jar:1.4.200]
	at org.h2.message.DbException.get(DbException.java:181) ~[h2-1.4.200.jar:1.4.200]
	at org.h2.command.Parser.readTableOrView(Parser.java:7628) ~[h2-1.4.200.jar:1.4.200]
	at org.h2.command.Parser.readTableOrView(Parser.java:7599) ~[h2-1.4.200.jar:1.4.200]
	at org.h2.command.Parser.parseInsert(Parser.java:1747) ~[h2-1.4.200.jar:1.4.200]
	at org.h2.command.Parser.parsePrepared(Parser.java:954) ~[h2-1.4.200.jar:1.4.200]
	at org.h2.command.Parser.parse(Parser.java:843) ~[h2-1.4.200.jar:1.4.200]
	at org.h2.command.Parser.parse(Parser.java:815) ~[h2-1.4.200.jar:1.4.200]
	at org.h2.command.Parser.prepareCommand(Parser.java:738) ~[h2-1.4.200.jar:1.4.200]
	at org.h2.engine.Session.prepareLocal(Session.java:657) ~[h2-1.4.200.jar:1.4.200]
	at org.h2.engine.Session.prepareCommand(Session.java:595) ~[h2-1.4.200.jar:1.4.200]
	at org.h2.jdbc.JdbcConnection.prepareCommand(JdbcConnection.java:1235) ~[h2-1.4.200.jar:1.4.200]
	at org.h2.jdbc.JdbcStatement.executeInternal(JdbcStatement.java:212) ~[h2-1.4.200.jar:1.4.200]
	at org.h2.jdbc.JdbcStatement.execute(JdbcStatement.java:201) ~[h2-1.4.200.jar:1.4.200]
	at com.zaxxer.hikari.pool.ProxyStatement.execute(ProxyStatement.java:94) ~[HikariCP-4.0.3.jar:na]
	at com.zaxxer.hikari.pool.HikariProxyStatement.execute(HikariProxyStatement.java) ~[HikariCP-4.0.3.jar:na]
	at org.springframework.jdbc.datasource.init.ScriptUtils.executeSqlScript(ScriptUtils.java:261) ~[spring-jdbc-5.3.9.jar:5.3.9]
	... 33 common frames omitted
17-08-21 12:38:25.467 restartedMain         INFO m.c.CustomerMsApplication               logStarting   55 Starting CustomerMsApplication using Java 1.8.0_291 on LAPTOP-AIR63DJ5 with PID 19676 (E:\MFPE\Back-end\customer-ms\target\classes started by tejat in E:\MFPE\Back-end\customer-ms)
17-08-21 12:38:25.468 restartedMain         INFO m.c.CustomerMsApplication     logStartupProfileInfo  659 No active profile set, falling back to default profiles: default
17-08-21 12:38:26.923 restartedMain         INFO o.a.c.c.StandardService                         log  173 Starting service [Tomcat]
17-08-21 12:38:26.925 restartedMain         INFO o.a.c.core.StandardEngine                       log  173 Starting Servlet engine: [Apache Tomcat/9.0.50]
17-08-21 12:38:26.991 restartedMain         INFO o.a.c.c.C.[.[.[/customer]                       log  173 Initializing Spring embedded WebApplicationContext
17-08-21 12:38:27.022 restartedMain         INFO c.z.h.HikariDataSource                getConnection  110 HikariPool-3 - Starting...
17-08-21 12:38:27.033 restartedMain         INFO c.z.h.HikariDataSource                getConnection  123 HikariPool-3 - Start completed.
17-08-21 12:38:27.059 restartedMain         INFO c.z.h.HikariDataSource                        close  350 HikariPool-3 - Shutdown initiated...
17-08-21 12:38:27.061 restartedMain         INFO c.z.h.HikariDataSource                        close  352 HikariPool-3 - Shutdown completed.
17-08-21 12:38:27.062 restartedMain         INFO o.a.c.c.StandardService                         log  173 Stopping service [Tomcat]
17-08-21 12:38:27.083 restartedMain        ERROR o.s.b.SpringApplication               reportFailure  843 Application run failed
org.springframework.beans.factory.BeanCreationException: Error creating bean with name 'dataSourceScriptDatabaseInitializer' defined in class path resource [org/springframework/boot/autoconfigure/sql/init/DataSourceInitializationConfiguration.class]: Invocation of init method failed; nested exception is org.springframework.jdbc.datasource.init.ScriptStatementFailedException: Failed to execute SQL script statement #1 of URL [file:/E:/MFPE/Back-end/customer-ms/target/classes/data.sql]: insert into Customer (slno,customer_Id, customer_Name, address, date_Of_Birth, pan_No, gender, password) values (0,'SBCU000000', 'cust', 'Delhi,India', '1999-05-24', 'AAAAA1111A', 0, 'cust'); nested exception is org.h2.jdbc.JdbcSQLSyntaxErrorException: Table "CUSTOMER" not found; SQL statement:
insert into Customer (slno,customer_Id, customer_Name, address, date_Of_Birth, pan_No, gender, password) values (0,'SBCU000000', 'cust', 'Delhi,India', '1999-05-24', 'AAAAA1111A', 0, 'cust') [42102-200]
	at org.springframework.beans.factory.support.AbstractAutowireCapableBeanFactory.initializeBean(AbstractAutowireCapableBeanFactory.java:1786) ~[spring-beans-5.3.9.jar:5.3.9]
	at org.springframework.beans.factory.support.AbstractAutowireCapableBeanFactory.doCreateBean(AbstractAutowireCapableBeanFactory.java:602) ~[spring-beans-5.3.9.jar:5.3.9]
	at org.springframework.beans.factory.support.AbstractAutowireCapableBeanFactory.createBean(AbstractAutowireCapableBeanFactory.java:524) ~[spring-beans-5.3.9.jar:5.3.9]
	at org.springframework.beans.factory.support.AbstractBeanFactory.lambda$doGetBean$0(AbstractBeanFactory.java:335) ~[spring-beans-5.3.9.jar:5.3.9]
	at org.springframework.beans.factory.support.DefaultSingletonBeanRegistry.getSingleton(DefaultSingletonBeanRegistry.java:234) ~[spring-beans-5.3.9.jar:5.3.9]
	at org.springframework.beans.factory.support.AbstractBeanFactory.doGetBean(AbstractBeanFactory.java:333) ~[spring-beans-5.3.9.jar:5.3.9]
	at org.springframework.beans.factory.support.AbstractBeanFactory.getBean(AbstractBeanFactory.java:208) ~[spring-beans-5.3.9.jar:5.3.9]
	at org.springframework.beans.factory.support.AbstractBeanFactory.doGetBean(AbstractBeanFactory.java:322) ~[spring-beans-5.3.9.jar:5.3.9]
	at org.springframework.beans.factory.support.AbstractBeanFactory.getBean(AbstractBeanFactory.java:208) ~[spring-beans-5.3.9.jar:5.3.9]
	at org.springframework.context.support.AbstractApplicationContext.getBean(AbstractApplicationContext.java:1154) ~[spring-context-5.3.9.jar:5.3.9]
	at org.springframework.context.support.AbstractApplicationContext.finishBeanFactoryInitialization(AbstractApplicationContext.java:908) ~[spring-context-5.3.9.jar:5.3.9]
	at org.springframework.context.support.AbstractApplicationContext.refresh(AbstractApplicationContext.java:583) ~[spring-context-5.3.9.jar:5.3.9]
	at org.springframework.boot.web.servlet.context.ServletWebServerApplicationContext.refresh(ServletWebServerApplicationContext.java:145) ~[spring-boot-2.5.3.jar:2.5.3]
	at org.springframework.boot.SpringApplication.refresh(SpringApplication.java:754) [spring-boot-2.5.3.jar:2.5.3]
	at org.springframework.boot.SpringApplication.refreshContext(SpringApplication.java:434) [spring-boot-2.5.3.jar:2.5.3]
	at org.springframework.boot.SpringApplication.run(SpringApplication.java:338) [spring-boot-2.5.3.jar:2.5.3]
	at org.springframework.boot.SpringApplication.run(SpringApplication.java:1343) [spring-boot-2.5.3.jar:2.5.3]
	at org.springframework.boot.SpringApplication.run(SpringApplication.java:1332) [spring-boot-2.5.3.jar:2.5.3]
	at com.mfpe.customer.CustomerMsApplication.main(CustomerMsApplication.java:12) [classes/:na]
	at sun.reflect.NativeMethodAccessorImpl.invoke0(Native Method) ~[na:1.8.0_291]
	at sun.reflect.NativeMethodAccessorImpl.invoke(NativeMethodAccessorImpl.java:62) ~[na:1.8.0_291]
	at sun.reflect.DelegatingMethodAccessorImpl.invoke(DelegatingMethodAccessorImpl.java:43) ~[na:1.8.0_291]
	at java.lang.reflect.Method.invoke(Method.java:498) ~[na:1.8.0_291]
	at org.springframework.boot.devtools.restart.RestartLauncher.run(RestartLauncher.java:49) [spring-boot-devtools-2.5.3.jar:2.5.3]
Caused by: org.springframework.jdbc.datasource.init.ScriptStatementFailedException: Failed to execute SQL script statement #1 of URL [file:/E:/MFPE/Back-end/customer-ms/target/classes/data.sql]: insert into Customer (slno,customer_Id, customer_Name, address, date_Of_Birth, pan_No, gender, password) values (0,'SBCU000000', 'cust', 'Delhi,India', '1999-05-24', 'AAAAA1111A', 0, 'cust'); nested exception is org.h2.jdbc.JdbcSQLSyntaxErrorException: Table "CUSTOMER" not found; SQL statement:
insert into Customer (slno,customer_Id, customer_Name, address, date_Of_Birth, pan_No, gender, password) values (0,'SBCU000000', 'cust', 'Delhi,India', '1999-05-24', 'AAAAA1111A', 0, 'cust') [42102-200]
	at org.springframework.jdbc.datasource.init.ScriptUtils.executeSqlScript(ScriptUtils.java:282) ~[spring-jdbc-5.3.9.jar:5.3.9]
	at org.springframework.jdbc.datasource.init.ResourceDatabasePopulator.populate(ResourceDatabasePopulator.java:254) ~[spring-jdbc-5.3.9.jar:5.3.9]
	at org.springframework.jdbc.datasource.init.DatabasePopulatorUtils.execute(DatabasePopulatorUtils.java:49) ~[spring-jdbc-5.3.9.jar:5.3.9]
	at org.springframework.boot.jdbc.init.DataSourceScriptDatabaseInitializer.runScripts(DataSourceScriptDatabaseInitializer.java:89) ~[spring-boot-2.5.3.jar:2.5.3]
	at org.springframework.boot.sql.init.AbstractScriptDatabaseInitializer.runScripts(AbstractScriptDatabaseInitializer.java:145) ~[spring-boot-2.5.3.jar:2.5.3]
	at org.springframework.boot.sql.init.AbstractScriptDatabaseInitializer.applyScripts(AbstractScriptDatabaseInitializer.java:107) ~[spring-boot-2.5.3.jar:2.5.3]
	at org.springframework.boot.sql.init.AbstractScriptDatabaseInitializer.applyDataScripts(AbstractScriptDatabaseInitializer.java:101) ~[spring-boot-2.5.3.jar:2.5.3]
	at org.springframework.boot.sql.init.AbstractScriptDatabaseInitializer.initializeDatabase(AbstractScriptDatabaseInitializer.java:76) ~[spring-boot-2.5.3.jar:2.5.3]
	at org.springframework.boot.sql.init.AbstractScriptDatabaseInitializer.afterPropertiesSet(AbstractScriptDatabaseInitializer.java:65) ~[spring-boot-2.5.3.jar:2.5.3]
	at org.springframework.beans.factory.support.AbstractAutowireCapableBeanFactory.invokeInitMethods(AbstractAutowireCapableBeanFactory.java:1845) ~[spring-beans-5.3.9.jar:5.3.9]
	at org.springframework.beans.factory.support.AbstractAutowireCapableBeanFactory.initializeBean(AbstractAutowireCapableBeanFactory.java:1782) ~[spring-beans-5.3.9.jar:5.3.9]
	... 23 common frames omitted
Caused by: org.h2.jdbc.JdbcSQLSyntaxErrorException: Table "CUSTOMER" not found; SQL statement:
insert into Customer (slno,customer_Id, customer_Name, address, date_Of_Birth, pan_No, gender, password) values (0,'SBCU000000', 'cust', 'Delhi,India', '1999-05-24', 'AAAAA1111A', 0, 'cust') [42102-200]
	at org.h2.message.DbException.getJdbcSQLException(DbException.java:453) ~[h2-1.4.200.jar:1.4.200]
	at org.h2.message.DbException.getJdbcSQLException(DbException.java:429) ~[h2-1.4.200.jar:1.4.200]
	at org.h2.message.DbException.get(DbException.java:205) ~[h2-1.4.200.jar:1.4.200]
	at org.h2.message.DbException.get(DbException.java:181) ~[h2-1.4.200.jar:1.4.200]
	at org.h2.command.Parser.readTableOrView(Parser.java:7628) ~[h2-1.4.200.jar:1.4.200]
	at org.h2.command.Parser.readTableOrView(Parser.java:7599) ~[h2-1.4.200.jar:1.4.200]
	at org.h2.command.Parser.parseInsert(Parser.java:1747) ~[h2-1.4.200.jar:1.4.200]
	at org.h2.command.Parser.parsePrepared(Parser.java:954) ~[h2-1.4.200.jar:1.4.200]
	at org.h2.command.Parser.parse(Parser.java:843) ~[h2-1.4.200.jar:1.4.200]
	at org.h2.command.Parser.parse(Parser.java:815) ~[h2-1.4.200.jar:1.4.200]
	at org.h2.command.Parser.prepareCommand(Parser.java:738) ~[h2-1.4.200.jar:1.4.200]
	at org.h2.engine.Session.prepareLocal(Session.java:657) ~[h2-1.4.200.jar:1.4.200]
	at org.h2.engine.Session.prepareCommand(Session.java:595) ~[h2-1.4.200.jar:1.4.200]
	at org.h2.jdbc.JdbcConnection.prepareCommand(JdbcConnection.java:1235) ~[h2-1.4.200.jar:1.4.200]
	at org.h2.jdbc.JdbcStatement.executeInternal(JdbcStatement.java:212) ~[h2-1.4.200.jar:1.4.200]
	at org.h2.jdbc.JdbcStatement.execute(JdbcStatement.java:201) ~[h2-1.4.200.jar:1.4.200]
	at com.zaxxer.hikari.pool.ProxyStatement.execute(ProxyStatement.java:94) ~[HikariCP-4.0.3.jar:na]
	at com.zaxxer.hikari.pool.HikariProxyStatement.execute(HikariProxyStatement.java) ~[HikariCP-4.0.3.jar:na]
	at org.springframework.jdbc.datasource.init.ScriptUtils.executeSqlScript(ScriptUtils.java:261) ~[spring-jdbc-5.3.9.jar:5.3.9]
	... 33 common frames omitted
17-08-21 12:39:35.690 restartedMain         INFO m.c.CustomerMsApplication               logStarting   55 Starting CustomerMsApplication using Java 1.8.0_291 on LAPTOP-AIR63DJ5 with PID 19676 (E:\MFPE\Back-end\customer-ms\target\classes started by tejat in E:\MFPE\Back-end\customer-ms)
17-08-21 12:39:35.691 restartedMain         INFO m.c.CustomerMsApplication     logStartupProfileInfo  659 No active profile set, falling back to default profiles: default
17-08-21 12:39:36.822 restartedMain         INFO o.a.c.c.StandardService                         log  173 Starting service [Tomcat]
17-08-21 12:39:36.823 restartedMain         INFO o.a.c.core.StandardEngine                       log  173 Starting Servlet engine: [Apache Tomcat/9.0.50]
17-08-21 12:39:36.868 restartedMain         INFO o.a.c.c.C.[.[.[/customer]                       log  173 Initializing Spring embedded WebApplicationContext
17-08-21 12:39:36.892 restartedMain         INFO c.z.h.HikariDataSource                getConnection  110 HikariPool-4 - Starting...
17-08-21 12:39:36.895 restartedMain         INFO c.z.h.HikariDataSource                getConnection  123 HikariPool-4 - Start completed.
17-08-21 12:39:37.033 restartedMain        DEBUG org.hibernate.SQL                      logStatement  144 drop table if exists customer CASCADE 
17-08-21 12:39:37.034 restartedMain        DEBUG org.hibernate.SQL                      logStatement  144 create table customer (slno bigint generated by default as identity, address varchar(50), customer_id varchar(255), customer_name varchar(20), date_of_birth timestamp, gender integer not null, pan_no varchar(255), password varchar(255) not null, primary key (slno))
17-08-21 12:39:37.418 restartedMain         INFO uestMappingHandlerMapping        initHandlerMethods   69 Mapped URL path [/v2/api-docs] onto method [springfox.documentation.swagger2.web.Swagger2Controller#getDocumentation(String, HttpServletRequest)]
17-08-21 12:39:40.599 restartedMain         INFO tationPluginsBootstrapper                     start  160 Context refreshed
17-08-21 12:39:40.601 restartedMain         INFO tationPluginsBootstrapper                     start  163 Found 1 custom documentation plugin(s)
17-08-21 12:39:40.608 restartedMain         INFO piListingReferenceScanner                      scan   41 Scanning for api listing references
17-08-21 12:39:40.656 restartedMain         INFO m.c.CustomerMsApplication                logStarted   61 Started CustomerMsApplication in 6.811 seconds (JVM running for 2437.598)
17-08-21 12:39:43.179 http-nio-9095-exec-1  INFO o.a.c.c.C.[.[.[/customer]                       log  173 Initializing Spring DispatcherServlet 'dispatcherServlet'
17-08-21 12:39:43.617 http-nio-9095-exec-2  INFO .m.c.c.CustomerController        getCustomerDetails  112 requesting customer microservice to get customer details
17-08-21 12:39:43.617 http-nio-9095-exec-2  INFO m.c.s.CustomerServiceImpl        getCustomerDetails  155 fetching customer details
17-08-21 12:39:43.818 http-nio-9095-exec-2 DEBUG org.hibernate.SQL                      logStatement  144 select customer0_.slno as slno1_0_, customer0_.address as address2_0_, customer0_.customer_id as customer3_0_, customer0_.customer_name as customer4_0_, customer0_.date_of_birth as date_of_5_0_, customer0_.gender as gender6_0_, customer0_.pan_no as pan_no7_0_, customer0_.password as password8_0_ from customer customer0_ where customer0_.customer_id=?
17-08-21 12:39:43.834 http-nio-9095-exec-2 TRACE o.h.t.d.sql.BasicBinder                        bind   64 binding parameter [1] as [VARCHAR] - [SBCU000000]
17-08-21 12:39:43.844 http-nio-9095-exec-2 TRACE o.h.t.d.s.BasicExtractor                    extract   60 extracted value ([slno1_0_] : [BIGINT]) - [0]
17-08-21 12:39:43.859 http-nio-9095-exec-2 TRACE o.h.t.d.s.BasicExtractor                    extract   60 extracted value ([address2_0_] : [VARCHAR]) - [Delhi,India]
17-08-21 12:39:43.860 http-nio-9095-exec-2 TRACE o.h.t.d.s.BasicExtractor                    extract   60 extracted value ([customer3_0_] : [VARCHAR]) - [SBCU000000]
17-08-21 12:39:43.861 http-nio-9095-exec-2 TRACE o.h.t.d.s.BasicExtractor                    extract   60 extracted value ([customer4_0_] : [VARCHAR]) - [cust]
17-08-21 12:39:43.863 http-nio-9095-exec-2 TRACE o.h.t.d.s.BasicExtractor                    extract   60 extracted value ([date_of_5_0_] : [TIMESTAMP]) - [1999-05-24 00:00:00.0]
17-08-21 12:39:43.864 http-nio-9095-exec-2 TRACE o.h.t.d.s.BasicExtractor                    extract   60 extracted value ([gender6_0_] : [INTEGER]) - [MALE]
17-08-21 12:39:43.864 http-nio-9095-exec-2 TRACE o.h.t.d.s.BasicExtractor                    extract   60 extracted value ([pan_no7_0_] : [VARCHAR]) - [AAAAA1111A]
17-08-21 12:39:43.865 http-nio-9095-exec-2 TRACE o.h.t.d.s.BasicExtractor                    extract   60 extracted value ([password8_0_] : [VARCHAR]) - [cust]
17-08-21 12:39:43.889 http-nio-9095-exec-2  INFO m.c.s.CustomerServiceImpl        getCustomerDetails  163 requesting account microservice to fetch all accounts of the customer
17-08-21 12:39:44.363 http-nio-9095-exec-2  INFO m.c.s.CustomerServiceImpl        getCustomerDetails  174 [Customer Details:] CustomerDTO(customerId=SBCU000000, customerName=cust, address=Delhi,India, dateOfBirth=1999-05-24 00:00:00.0, panNo=AAAAA1111A, gender=MALE, accounts=[AccountDto(accountId=SBACS000000, balance=50.0), AccountDto(accountId=SBACC000000, balance=0.0)])
17-08-21 12:39:57.981 http-nio-9095-exec-4  INFO .m.c.c.CustomerController        getCustomerDetails  112 requesting customer microservice to get customer details
17-08-21 12:39:57.981 http-nio-9095-exec-4  INFO m.c.s.CustomerServiceImpl        getCustomerDetails  155 fetching customer details
17-08-21 12:39:57.982 http-nio-9095-exec-4 DEBUG org.hibernate.SQL                      logStatement  144 select customer0_.slno as slno1_0_, customer0_.address as address2_0_, customer0_.customer_id as customer3_0_, customer0_.customer_name as customer4_0_, customer0_.date_of_birth as date_of_5_0_, customer0_.gender as gender6_0_, customer0_.pan_no as pan_no7_0_, customer0_.password as password8_0_ from customer customer0_ where customer0_.customer_id=?
17-08-21 12:39:57.983 http-nio-9095-exec-4 TRACE o.h.t.d.sql.BasicBinder                        bind   64 binding parameter [1] as [VARCHAR] - [SBCU000000]
17-08-21 12:39:57.983 http-nio-9095-exec-4 TRACE o.h.t.d.s.BasicExtractor                    extract   60 extracted value ([slno1_0_] : [BIGINT]) - [0]
17-08-21 12:39:57.984 http-nio-9095-exec-4 TRACE o.h.t.d.s.BasicExtractor                    extract   60 extracted value ([address2_0_] : [VARCHAR]) - [Delhi,India]
17-08-21 12:39:57.984 http-nio-9095-exec-4 TRACE o.h.t.d.s.BasicExtractor                    extract   60 extracted value ([customer3_0_] : [VARCHAR]) - [SBCU000000]
17-08-21 12:39:57.984 http-nio-9095-exec-4 TRACE o.h.t.d.s.BasicExtractor                    extract   60 extracted value ([customer4_0_] : [VARCHAR]) - [cust]
17-08-21 12:39:57.984 http-nio-9095-exec-4 TRACE o.h.t.d.s.BasicExtractor                    extract   60 extracted value ([date_of_5_0_] : [TIMESTAMP]) - [1999-05-24 00:00:00.0]
17-08-21 12:39:57.985 http-nio-9095-exec-4 TRACE o.h.t.d.s.BasicExtractor                    extract   60 extracted value ([gender6_0_] : [INTEGER]) - [MALE]
17-08-21 12:39:57.985 http-nio-9095-exec-4 TRACE o.h.t.d.s.BasicExtractor                    extract   60 extracted value ([pan_no7_0_] : [VARCHAR]) - [AAAAA1111A]
17-08-21 12:39:57.985 http-nio-9095-exec-4 TRACE o.h.t.d.s.BasicExtractor                    extract   60 extracted value ([password8_0_] : [VARCHAR]) - [cust]
17-08-21 12:39:57.986 http-nio-9095-exec-4  INFO m.c.s.CustomerServiceImpl        getCustomerDetails  163 requesting account microservice to fetch all accounts of the customer
17-08-21 12:39:57.998 http-nio-9095-exec-4  INFO m.c.s.CustomerServiceImpl        getCustomerDetails  174 [Customer Details:] CustomerDTO(customerId=SBCU000000, customerName=cust, address=Delhi,India, dateOfBirth=1999-05-24 00:00:00.0, panNo=AAAAA1111A, gender=MALE, accounts=[AccountDto(accountId=SBACS000000, balance=50.0), AccountDto(accountId=SBACC000000, balance=0.0)])
17-08-21 14:24:59.592 main                  INFO .c.CustomerControllerTest               logStarting   55 Starting CustomerControllerTest using Java 1.8.0_291 on LAPTOP-AIR63DJ5 with PID 22292 (started by tejat in E:\MFPE\Back-end\customer-ms)
17-08-21 14:24:59.595 main                  INFO .c.CustomerControllerTest     logStartupProfileInfo  659 No active profile set, falling back to default profiles: default
17-08-21 14:25:03.901 main                  INFO .c.CustomerControllerTest                logStarted   61 Started CustomerControllerTest in 6.768 seconds (JVM running for 8.992)
17-08-21 14:25:04.843 main                 ERROR .m.c.c.CustomerController            createCustomer   79 Only employee can access this resource
17-08-21 14:25:04.944 main                  INFO .m.c.c.CustomerController        getCustomerDetails  112 requesting customer microservice to get customer details
17-08-21 14:25:04.975 main                 ERROR .m.c.c.CustomerController        getCustomerDetails  103 JWT required for validating the access to this resource
17-08-21 14:25:04.998 main                 ERROR .m.c.c.CustomerController        getCustomerDetails  118 Only eemployee can access this resource
17-08-21 14:25:05.024 main                 ERROR .m.c.c.CustomerController            createCustomer   61 JWT required for validating the access to this resource
17-08-21 14:25:05.060 main                  INFO .m.c.c.CustomerController            createCustomer   72 requesting customer microservice to create the customer
17-08-21 14:26:45.486 main                  INFO .c.CustomerControllerTest               logStarting   55 Starting CustomerControllerTest using Java 1.8.0_291 on LAPTOP-AIR63DJ5 with PID 18252 (started by tejat in E:\MFPE\Back-end\customer-ms)
17-08-21 14:26:45.488 main                  INFO .c.CustomerControllerTest     logStartupProfileInfo  659 No active profile set, falling back to default profiles: default
17-08-21 14:26:50.593 main                  INFO .c.CustomerControllerTest                logStarted   61 Started CustomerControllerTest in 7.326 seconds (JVM running for 9.162)
17-08-21 14:26:51.408 main                 ERROR .m.c.c.CustomerController            createCustomer   79 Only employee can access this resource
17-08-21 14:26:51.487 main                  INFO .m.c.c.CustomerController        getCustomerDetails  112 requesting customer microservice to get customer details
17-08-21 14:26:51.512 main                 ERROR .m.c.c.CustomerController        getCustomerDetails  103 JWT required for validating the access to this resource
17-08-21 14:26:51.533 main                 ERROR .m.c.c.CustomerController        getCustomerDetails  118 Only eemployee can access this resource
17-08-21 14:26:51.559 main                 ERROR .m.c.c.CustomerController            createCustomer   61 JWT required for validating the access to this resource
17-08-21 14:26:51.583 main                  INFO .m.c.c.CustomerController            createCustomer   72 requesting customer microservice to create the customer
17-08-21 14:36:04.256 restartedMain         INFO m.c.CustomerMsApplication               logStarting   55 Starting CustomerMsApplication using Java 1.8.0_291 on LAPTOP-AIR63DJ5 with PID 29548 (E:\MFPE\Back-end\customer-ms\target\classes started by tejat in E:\MFPE\Back-end\customer-ms)
17-08-21 14:36:04.260 restartedMain         INFO m.c.CustomerMsApplication     logStartupProfileInfo  659 No active profile set, falling back to default profiles: default
17-08-21 14:36:07.164 restartedMain         INFO o.a.c.c.StandardService                         log  173 Starting service [Tomcat]
17-08-21 14:36:07.164 restartedMain         INFO o.a.c.core.StandardEngine                       log  173 Starting Servlet engine: [Apache Tomcat/9.0.50]
17-08-21 14:36:07.330 restartedMain         INFO o.a.c.c.C.[.[.[/customer]                       log  173 Initializing Spring embedded WebApplicationContext
17-08-21 14:36:07.372 restartedMain         INFO c.z.h.HikariDataSource                getConnection  110 HikariPool-1 - Starting...
17-08-21 14:36:07.683 restartedMain         INFO c.z.h.HikariDataSource                getConnection  123 HikariPool-1 - Start completed.
17-08-21 14:36:09.659 restartedMain        DEBUG org.hibernate.SQL                      logStatement  144 drop table if exists customer CASCADE 
17-08-21 14:36:09.666 restartedMain        DEBUG org.hibernate.SQL                      logStatement  144 create table customer (slno bigint generated by default as identity, address varchar(50), customer_id varchar(255), customer_name varchar(20), date_of_birth timestamp, gender integer not null, pan_no varchar(255), password varchar(255) not null, primary key (slno))
17-08-21 14:36:11.395 restartedMain         INFO uestMappingHandlerMapping        initHandlerMethods   69 Mapped URL path [/v2/api-docs] onto method [springfox.documentation.swagger2.web.Swagger2Controller#getDocumentation(String, HttpServletRequest)]
17-08-21 14:36:13.310 restartedMain        DEBUG org.hibernate.SQL                      logStatement  144 drop table if exists customer CASCADE 
17-08-21 14:36:13.539 restartedMain         INFO c.z.h.HikariDataSource                        close  350 HikariPool-1 - Shutdown initiated...
17-08-21 14:36:13.543 restartedMain         INFO c.z.h.HikariDataSource                        close  352 HikariPool-1 - Shutdown completed.
17-08-21 14:36:13.544 restartedMain         INFO o.a.c.c.StandardService                         log  173 Stopping service [Tomcat]
17-08-21 14:36:13.580 restartedMain        ERROR ngFailureAnalysisReporter                    report   40 

***************************
APPLICATION FAILED TO START
***************************

Description:

Web server failed to start. Port 9095 was already in use.

Action:

Identify and stop the process that's listening on port 9095 or configure this application to listen on another port.

17-08-21 14:41:47.887 restartedMain         INFO m.c.CustomerMsApplication               logStarting   55 Starting CustomerMsApplication using Java 1.8.0_291 on LAPTOP-AIR63DJ5 with PID 20892 (E:\MFPE\Back-end\customer-ms\target\classes started by tejat in E:\MFPE\Back-end\customer-ms)
17-08-21 14:41:47.893 restartedMain         INFO m.c.CustomerMsApplication     logStartupProfileInfo  659 No active profile set, falling back to default profiles: default
17-08-21 14:41:52.633 restartedMain         INFO o.a.c.c.StandardService                         log  173 Starting service [Tomcat]
17-08-21 14:41:52.637 restartedMain         INFO o.a.c.core.StandardEngine                       log  173 Starting Servlet engine: [Apache Tomcat/9.0.50]
17-08-21 14:41:53.004 restartedMain         INFO o.a.c.c.C.[.[.[/customer]                       log  173 Initializing Spring embedded WebApplicationContext
17-08-21 14:41:53.046 restartedMain         INFO c.z.h.HikariDataSource                getConnection  110 HikariPool-1 - Starting...
17-08-21 14:41:53.529 restartedMain         INFO c.z.h.HikariDataSource                getConnection  123 HikariPool-1 - Start completed.
17-08-21 14:41:56.785 restartedMain        DEBUG org.hibernate.SQL                      logStatement  144 drop table if exists customer CASCADE 
17-08-21 14:41:56.802 restartedMain        DEBUG org.hibernate.SQL                      logStatement  144 create table customer (slno bigint generated by default as identity, address varchar(50), customer_id varchar(255), customer_name varchar(20), date_of_birth timestamp, gender integer not null, pan_no varchar(255), password varchar(255) not null, primary key (slno))
17-08-21 14:41:59.898 restartedMain         INFO uestMappingHandlerMapping        initHandlerMethods   69 Mapped URL path [/v2/api-docs] onto method [springfox.documentation.swagger2.web.Swagger2Controller#getDocumentation(String, HttpServletRequest)]
17-08-21 14:42:02.532 restartedMain        DEBUG org.hibernate.SQL                      logStatement  144 drop table if exists customer CASCADE 
17-08-21 14:42:02.768 restartedMain         INFO c.z.h.HikariDataSource                        close  350 HikariPool-1 - Shutdown initiated...
17-08-21 14:42:02.779 restartedMain         INFO c.z.h.HikariDataSource                        close  352 HikariPool-1 - Shutdown completed.
17-08-21 14:42:02.782 restartedMain         INFO o.a.c.c.StandardService                         log  173 Stopping service [Tomcat]
17-08-21 14:42:02.891 restartedMain        ERROR ngFailureAnalysisReporter                    report   40 

***************************
APPLICATION FAILED TO START
***************************

Description:

Web server failed to start. Port 9095 was already in use.

Action:

Identify and stop the process that's listening on port 9095 or configure this application to listen on another port.

17-08-21 14:44:30.412 main                  INFO s.CustomerServcieImplTest               logStarting   55 Starting CustomerServcieImplTest using Java 1.8.0_291 on LAPTOP-AIR63DJ5 with PID 2984 (started by tejat in E:\MFPE\Back-end\customer-ms)
17-08-21 14:44:30.426 main                  INFO s.CustomerServcieImplTest     logStartupProfileInfo  659 No active profile set, falling back to default profiles: default
17-08-21 14:44:34.094 main                  INFO c.z.h.HikariDataSource                getConnection  110 HikariPool-1 - Starting...
17-08-21 14:44:34.627 main                  INFO c.z.h.HikariDataSource                getConnection  123 HikariPool-1 - Start completed.
17-08-21 14:44:37.302 main                 DEBUG org.hibernate.SQL                      logStatement  144 drop table if exists customer CASCADE 
17-08-21 14:44:37.312 main                 DEBUG org.hibernate.SQL                      logStatement  144 create table customer (slno bigint generated by default as identity, address varchar(50), customer_id varchar(255), customer_name varchar(20), date_of_birth timestamp, gender integer not null, pan_no varchar(255), password varchar(255) not null, primary key (slno))
17-08-21 14:44:40.942 main                  INFO uestMappingHandlerMapping        initHandlerMethods   69 Mapped URL path [/v2/api-docs] onto method [springfox.documentation.swagger2.web.Swagger2Controller#getDocumentation(String, HttpServletRequest)]
17-08-21 14:44:44.697 main                  INFO tationPluginsBootstrapper                     start  160 Context refreshed
17-08-21 14:44:44.770 main                  INFO tationPluginsBootstrapper                     start  163 Found 1 custom documentation plugin(s)
17-08-21 14:44:44.842 main                  INFO piListingReferenceScanner                      scan   41 Scanning for api listing references
17-08-21 14:44:45.251 main                  INFO s.CustomerServcieImplTest                logStarted   61 Started CustomerServcieImplTest in 17.284 seconds (JVM running for 19.359)
17-08-21 14:44:45.769 main                  INFO m.c.s.CustomerServiceImpl            createCustomer   57 creating the customer
17-08-21 14:44:45.776 main                 ERROR m.c.s.CustomerServiceImpl            createCustomer  118 Customer with given pan no is already existed
17-08-21 14:44:45.833 main                  INFO m.c.s.CustomerServiceImpl        getCustomerDetails  155 fetching customer details
17-08-21 14:44:45.836 main                  INFO m.c.s.CustomerServiceImpl        getCustomerDetails  163 requesting account microservice to fetch all accounts of the customer
17-08-21 14:44:45.837 main                  INFO m.c.s.CustomerServiceImpl        getCustomerDetails  174 [Customer Details:] CustomerDTO(customerId=SBCU000001, customerName=Ram, address=Hyderabad, dateOfBirth=Mon Dec 12 00:00:00 IST 2005, panNo=ABCDE1234F, gender=MALE, accounts=[AccountDto(accountId=SBACS000001, balance=0.0), AccountDto(accountId=SBACC000001, balance=0.0)])
17-08-21 14:44:46.033 main                  INFO m.c.s.CustomerServiceImpl            createCustomer   57 creating the customer
17-08-21 14:44:46.037 main                  INFO m.c.s.CustomerServiceImpl            createCustomer  110 created customer successfully
17-08-21 14:44:46.038 main                  INFO m.c.s.CustomerServiceImpl            createCustomer  111 requesting account microservice to create accounts
17-08-21 14:44:46.039 main                  INFO m.c.s.CustomerServiceImpl            createCustomer  113 accounts created successfully
17-08-21 14:44:46.095 main                 ERROR m.c.s.CustomerServiceImpl        getCustomerDetails  185 Customer with customer ID: SBCU000001not found
17-08-21 14:44:46.124 main                  INFO m.c.s.CustomerServiceImpl        getCustomerDetails  155 fetching customer details
17-08-21 14:44:46.127 main                  INFO m.c.s.CustomerServiceImpl        getCustomerDetails  163 requesting account microservice to fetch all accounts of the customer
17-08-21 14:44:46.129 main                  INFO m.c.s.CustomerServiceImpl        getCustomerDetails  174 [Customer Details:] CustomerDTO(customerId=SBCU000001, customerName=Ram, address=Hyderabad, dateOfBirth=Mon Dec 12 00:00:00 IST 2005, panNo=ABCDE1234F, gender=MALE, accounts=[AccountDto(accountId=SBACS000001, balance=0.0), AccountDto(accountId=SBACC000001, balance=0.0)])
17-08-21 14:44:46.171 main                  INFO m.c.s.CustomerServiceImpl        getCustomerDetails  155 fetching customer details
17-08-21 14:44:46.172 main                 ERROR m.c.s.CustomerServiceImpl        getCustomerDetails  179 Customer with customer ID: SBCU000001not found
17-08-21 14:44:46.190 main                  INFO m.c.s.CustomerServiceImpl            createCustomer   57 creating the customer
17-08-21 14:44:46.191 main                  INFO m.c.s.CustomerServiceImpl            createCustomer   86 created customer successfully
17-08-21 14:44:46.192 main                  INFO m.c.s.CustomerServiceImpl            createCustomer   87 requesting account microservice to create accounts
17-08-21 14:44:46.193 main                  INFO m.c.s.CustomerServiceImpl            createCustomer   89 accounts created successfully
17-08-21 14:44:46.232 licationShutdownHook DEBUG org.hibernate.SQL                      logStatement  144 drop table if exists customer CASCADE 
17-08-21 14:44:46.247 licationShutdownHook  INFO c.z.h.HikariDataSource                        close  350 HikariPool-1 - Shutdown initiated...
17-08-21 14:44:46.252 licationShutdownHook  INFO c.z.h.HikariDataSource                        close  352 HikariPool-1 - Shutdown completed.
17-08-21 14:45:35.801 restartedMain         INFO m.c.CustomerMsApplication               logStarting   55 Starting CustomerMsApplication using Java 1.8.0_291 on LAPTOP-AIR63DJ5 with PID 22240 (E:\MFPE\Back-end\customer-ms\target\classes started by tejat in E:\MFPE\Back-end\customer-ms)
17-08-21 14:45:35.806 restartedMain         INFO m.c.CustomerMsApplication     logStartupProfileInfo  659 No active profile set, falling back to default profiles: default
17-08-21 14:45:39.681 restartedMain         INFO o.a.c.c.StandardService                         log  173 Starting service [Tomcat]
17-08-21 14:45:39.681 restartedMain         INFO o.a.c.core.StandardEngine                       log  173 Starting Servlet engine: [Apache Tomcat/9.0.50]
17-08-21 14:45:39.874 restartedMain         INFO o.a.c.c.C.[.[.[/customer]                       log  173 Initializing Spring embedded WebApplicationContext
17-08-21 14:45:39.937 restartedMain         INFO c.z.h.HikariDataSource                getConnection  110 HikariPool-1 - Starting...
17-08-21 14:45:40.369 restartedMain         INFO c.z.h.HikariDataSource                getConnection  123 HikariPool-1 - Start completed.
17-08-21 14:45:42.342 restartedMain        DEBUG org.hibernate.SQL                      logStatement  144 drop table if exists customer CASCADE 
17-08-21 14:45:42.359 restartedMain        DEBUG org.hibernate.SQL                      logStatement  144 create table customer (slno bigint generated by default as identity, address varchar(50), customer_id varchar(255), customer_name varchar(20), date_of_birth timestamp, gender integer not null, pan_no varchar(255), password varchar(255) not null, primary key (slno))
17-08-21 14:45:44.604 restartedMain         INFO uestMappingHandlerMapping        initHandlerMethods   69 Mapped URL path [/v2/api-docs] onto method [springfox.documentation.swagger2.web.Swagger2Controller#getDocumentation(String, HttpServletRequest)]
17-08-21 14:45:47.430 restartedMain        DEBUG org.hibernate.SQL                      logStatement  144 drop table if exists customer CASCADE 
17-08-21 14:45:47.701 restartedMain         INFO c.z.h.HikariDataSource                        close  350 HikariPool-1 - Shutdown initiated...
17-08-21 14:45:47.713 restartedMain         INFO c.z.h.HikariDataSource                        close  352 HikariPool-1 - Shutdown completed.
17-08-21 14:45:47.717 restartedMain         INFO o.a.c.c.StandardService                         log  173 Stopping service [Tomcat]
17-08-21 14:45:47.838 restartedMain        ERROR ngFailureAnalysisReporter                    report   40 

***************************
APPLICATION FAILED TO START
***************************

Description:

Web server failed to start. Port 9095 was already in use.

Action:

Identify and stop the process that's listening on port 9095 or configure this application to listen on another port.

17-08-21 14:46:17.628 ction(170)-127.0.0.1 DEBUG org.hibernate.SQL                      logStatement  144 drop table if exists customer CASCADE 
17-08-21 14:46:17.963 ction(170)-127.0.0.1  INFO c.z.h.HikariDataSource                        close  350 HikariPool-4 - Shutdown initiated...
17-08-21 14:46:17.976 ction(170)-127.0.0.1  INFO c.z.h.HikariDataSource                        close  352 HikariPool-4 - Shutdown completed.
17-08-21 14:46:29.260 restartedMain         INFO m.c.CustomerMsApplication               logStarting   55 Starting CustomerMsApplication using Java 1.8.0_291 on LAPTOP-AIR63DJ5 with PID 24972 (E:\MFPE\Back-end\customer-ms\target\classes started by tejat in E:\MFPE\Back-end\customer-ms)
17-08-21 14:46:29.265 restartedMain         INFO m.c.CustomerMsApplication     logStartupProfileInfo  659 No active profile set, falling back to default profiles: default
17-08-21 14:46:33.672 restartedMain         INFO o.a.c.c.StandardService                         log  173 Starting service [Tomcat]
17-08-21 14:46:33.674 restartedMain         INFO o.a.c.core.StandardEngine                       log  173 Starting Servlet engine: [Apache Tomcat/9.0.50]
17-08-21 14:46:34.021 restartedMain         INFO o.a.c.c.C.[.[.[/customer]                       log  173 Initializing Spring embedded WebApplicationContext
17-08-21 14:46:34.067 restartedMain         INFO c.z.h.HikariDataSource                getConnection  110 HikariPool-1 - Starting...
17-08-21 14:46:34.676 restartedMain         INFO c.z.h.HikariDataSource                getConnection  123 HikariPool-1 - Start completed.
17-08-21 14:46:37.712 restartedMain        DEBUG org.hibernate.SQL                      logStatement  144 drop table if exists customer CASCADE 
17-08-21 14:46:37.723 restartedMain        DEBUG org.hibernate.SQL                      logStatement  144 create table customer (slno bigint generated by default as identity, address varchar(50), customer_id varchar(255), customer_name varchar(20), date_of_birth timestamp, gender integer not null, pan_no varchar(255), password varchar(255) not null, primary key (slno))
17-08-21 14:46:40.398 restartedMain         INFO uestMappingHandlerMapping        initHandlerMethods   69 Mapped URL path [/v2/api-docs] onto method [springfox.documentation.swagger2.web.Swagger2Controller#getDocumentation(String, HttpServletRequest)]
17-08-21 14:46:45.414 restartedMain         INFO tationPluginsBootstrapper                     start  160 Context refreshed
17-08-21 14:46:45.483 restartedMain         INFO tationPluginsBootstrapper                     start  163 Found 1 custom documentation plugin(s)
17-08-21 14:46:45.532 restartedMain         INFO piListingReferenceScanner                      scan   41 Scanning for api listing references
17-08-21 14:46:45.821 restartedMain         INFO m.c.CustomerMsApplication                logStarted   61 Started CustomerMsApplication in 19.599 seconds (JVM running for 21.974)
17-08-21 14:47:02.092 nection(2)-127.0.0.1 DEBUG org.hibernate.SQL                      logStatement  144 drop table if exists customer CASCADE 
17-08-21 14:47:02.320 nection(2)-127.0.0.1  INFO c.z.h.HikariDataSource                        close  350 HikariPool-1 - Shutdown initiated...
17-08-21 14:47:02.333 nection(2)-127.0.0.1  INFO c.z.h.HikariDataSource                        close  352 HikariPool-1 - Shutdown completed.
17-08-21 14:47:13.990 main                  INFO s.CustomerServcieImplTest               logStarting   55 Starting CustomerServcieImplTest using Java 1.8.0_291 on LAPTOP-AIR63DJ5 with PID 11060 (started by tejat in E:\MFPE\Back-end\customer-ms)
17-08-21 14:47:13.993 main                  INFO s.CustomerServcieImplTest     logStartupProfileInfo  659 No active profile set, falling back to default profiles: default
17-08-21 14:47:17.273 main                  INFO c.z.h.HikariDataSource                getConnection  110 HikariPool-1 - Starting...
17-08-21 14:47:17.630 main                  INFO c.z.h.HikariDataSource                getConnection  123 HikariPool-1 - Start completed.
17-08-21 14:47:20.292 main                 DEBUG org.hibernate.SQL                      logStatement  144 drop table if exists customer CASCADE 
17-08-21 14:47:20.300 main                 DEBUG org.hibernate.SQL                      logStatement  144 create table customer (slno bigint generated by default as identity, address varchar(50), customer_id varchar(255), customer_name varchar(20), date_of_birth timestamp, gender integer not null, pan_no varchar(255), password varchar(255) not null, primary key (slno))
17-08-21 14:47:23.634 main                  INFO uestMappingHandlerMapping        initHandlerMethods   69 Mapped URL path [/v2/api-docs] onto method [springfox.documentation.swagger2.web.Swagger2Controller#getDocumentation(String, HttpServletRequest)]
17-08-21 14:47:27.068 main                  INFO tationPluginsBootstrapper                     start  160 Context refreshed
17-08-21 14:47:27.127 main                  INFO tationPluginsBootstrapper                     start  163 Found 1 custom documentation plugin(s)
17-08-21 14:47:27.193 main                  INFO piListingReferenceScanner                      scan   41 Scanning for api listing references
17-08-21 14:47:27.533 main                  INFO s.CustomerServcieImplTest                logStarted   61 Started CustomerServcieImplTest in 15.732 seconds (JVM running for 17.792)
17-08-21 14:47:28.062 main                  INFO m.c.s.CustomerServiceImpl            createCustomer   57 creating the customer
17-08-21 14:47:28.072 main                 ERROR m.c.s.CustomerServiceImpl            createCustomer  118 Customer with given pan no is already existed
17-08-21 14:47:28.147 main                  INFO m.c.s.CustomerServiceImpl        getCustomerDetails  155 fetching customer details
17-08-21 14:47:28.149 main                  INFO m.c.s.CustomerServiceImpl        getCustomerDetails  163 requesting account microservice to fetch all accounts of the customer
17-08-21 14:47:28.152 main                  INFO m.c.s.CustomerServiceImpl        getCustomerDetails  174 [Customer Details:] CustomerDTO(customerId=SBCU000001, customerName=Ram, address=Hyderabad, dateOfBirth=Mon Dec 12 00:00:00 IST 2005, panNo=ABCDE1234F, gender=MALE, accounts=[AccountDto(accountId=SBACS000001, balance=0.0), AccountDto(accountId=SBACC000001, balance=0.0)])
17-08-21 14:47:28.302 main                  INFO m.c.s.CustomerServiceImpl            createCustomer   57 creating the customer
17-08-21 14:47:28.304 main                  INFO m.c.s.CustomerServiceImpl            createCustomer  110 created customer successfully
17-08-21 14:47:28.304 main                  INFO m.c.s.CustomerServiceImpl            createCustomer  111 requesting account microservice to create accounts
17-08-21 14:47:28.305 main                  INFO m.c.s.CustomerServiceImpl            createCustomer  113 accounts created successfully
17-08-21 14:47:28.348 main                 ERROR m.c.s.CustomerServiceImpl        getCustomerDetails  185 Customer with customer ID: SBCU000001not found
17-08-21 14:47:28.366 main                  INFO m.c.s.CustomerServiceImpl        getCustomerDetails  155 fetching customer details
17-08-21 14:47:28.367 main                  INFO m.c.s.CustomerServiceImpl        getCustomerDetails  163 requesting account microservice to fetch all accounts of the customer
17-08-21 14:47:28.367 main                  INFO m.c.s.CustomerServiceImpl        getCustomerDetails  174 [Customer Details:] CustomerDTO(customerId=SBCU000001, customerName=Ram, address=Hyderabad, dateOfBirth=Mon Dec 12 00:00:00 IST 2005, panNo=ABCDE1234F, gender=MALE, accounts=[AccountDto(accountId=SBACS000001, balance=0.0), AccountDto(accountId=SBACC000001, balance=0.0)])
17-08-21 14:47:28.388 main                  INFO m.c.s.CustomerServiceImpl        getCustomerDetails  155 fetching customer details
17-08-21 14:47:28.389 main                 ERROR m.c.s.CustomerServiceImpl        getCustomerDetails  179 Customer with customer ID: SBCU000001not found
17-08-21 14:47:28.410 main                  INFO m.c.s.CustomerServiceImpl            createCustomer   57 creating the customer
17-08-21 14:47:28.412 main                  INFO m.c.s.CustomerServiceImpl            createCustomer   86 created customer successfully
17-08-21 14:47:28.413 main                  INFO m.c.s.CustomerServiceImpl            createCustomer   87 requesting account microservice to create accounts
17-08-21 14:47:28.414 main                  INFO m.c.s.CustomerServiceImpl            createCustomer   89 accounts created successfully
17-08-21 14:47:28.449 licationShutdownHook DEBUG org.hibernate.SQL                      logStatement  144 drop table if exists customer CASCADE 
17-08-21 14:47:28.461 licationShutdownHook  INFO c.z.h.HikariDataSource                        close  350 HikariPool-1 - Shutdown initiated...
17-08-21 14:47:28.467 licationShutdownHook  INFO c.z.h.HikariDataSource                        close  352 HikariPool-1 - Shutdown completed.
17-08-21 14:48:57.750 main                  INFO s.CustomerServcieImplTest               logStarting   55 Starting CustomerServcieImplTest using Java 1.8.0_291 on LAPTOP-AIR63DJ5 with PID 27572 (started by tejat in E:\MFPE\Back-end\customer-ms)
17-08-21 14:48:57.753 main                  INFO s.CustomerServcieImplTest     logStartupProfileInfo  659 No active profile set, falling back to default profiles: default
17-08-21 14:49:01.109 main                  INFO c.z.h.HikariDataSource                getConnection  110 HikariPool-1 - Starting...
17-08-21 14:49:01.536 main                  INFO c.z.h.HikariDataSource                getConnection  123 HikariPool-1 - Start completed.
17-08-21 14:49:04.374 main                 DEBUG org.hibernate.SQL                      logStatement  144 drop table if exists customer CASCADE 
17-08-21 14:49:04.381 main                 DEBUG org.hibernate.SQL                      logStatement  144 create table customer (slno bigint generated by default as identity, address varchar(50), customer_id varchar(255), customer_name varchar(20), date_of_birth timestamp, gender integer not null, pan_no varchar(255), password varchar(255) not null, primary key (slno))
17-08-21 14:49:08.248 main                  INFO uestMappingHandlerMapping        initHandlerMethods   69 Mapped URL path [/v2/api-docs] onto method [springfox.documentation.swagger2.web.Swagger2Controller#getDocumentation(String, HttpServletRequest)]
17-08-21 14:49:11.811 main                  INFO tationPluginsBootstrapper                     start  160 Context refreshed
17-08-21 14:49:11.877 main                  INFO tationPluginsBootstrapper                     start  163 Found 1 custom documentation plugin(s)
17-08-21 14:49:11.950 main                  INFO piListingReferenceScanner                      scan   41 Scanning for api listing references
17-08-21 14:49:12.348 main                  INFO s.CustomerServcieImplTest                logStarted   61 Started CustomerServcieImplTest in 17.246 seconds (JVM running for 19.283)
17-08-21 14:49:12.858 main                  INFO m.c.s.CustomerServiceImpl            createCustomer   57 creating the customer
17-08-21 14:49:12.865 main                 ERROR m.c.s.CustomerServiceImpl            createCustomer  118 Customer with given pan no is already existed
17-08-21 14:49:12.921 main                  INFO m.c.s.CustomerServiceImpl        getCustomerDetails  155 fetching customer details
17-08-21 14:49:12.922 main                  INFO m.c.s.CustomerServiceImpl        getCustomerDetails  163 requesting account microservice to fetch all accounts of the customer
17-08-21 14:49:12.924 main                  INFO m.c.s.CustomerServiceImpl        getCustomerDetails  174 [Customer Details:] CustomerDTO(customerId=SBCU000001, customerName=Ram, address=Hyderabad, dateOfBirth=Mon Dec 12 00:00:00 IST 2005, panNo=ABCDE1234F, gender=MALE, accounts=[AccountDto(accountId=SBACS000001, balance=0.0), AccountDto(accountId=SBACC000001, balance=0.0)])
17-08-21 14:49:13.111 main                  INFO m.c.s.CustomerServiceImpl            createCustomer   57 creating the customer
17-08-21 14:49:13.113 main                  INFO m.c.s.CustomerServiceImpl            createCustomer  110 created customer successfully
17-08-21 14:49:13.114 main                  INFO m.c.s.CustomerServiceImpl            createCustomer  111 requesting account microservice to create accounts
17-08-21 14:49:13.115 main                  INFO m.c.s.CustomerServiceImpl            createCustomer  113 accounts created successfully
17-08-21 14:49:13.157 main                 ERROR m.c.s.CustomerServiceImpl        getCustomerDetails  185 Customer with customer ID: SBCU000001not found
17-08-21 14:49:13.173 main                  INFO m.c.s.CustomerServiceImpl        getCustomerDetails  155 fetching customer details
17-08-21 14:49:13.174 main                  INFO m.c.s.CustomerServiceImpl        getCustomerDetails  163 requesting account microservice to fetch all accounts of the customer
17-08-21 14:49:13.176 main                  INFO m.c.s.CustomerServiceImpl        getCustomerDetails  174 [Customer Details:] CustomerDTO(customerId=SBCU000001, customerName=Ram, address=Hyderabad, dateOfBirth=Mon Dec 12 00:00:00 IST 2005, panNo=ABCDE1234F, gender=MALE, accounts=[AccountDto(accountId=SBACS000001, balance=0.0), AccountDto(accountId=SBACC000001, balance=0.0)])
17-08-21 14:49:13.210 main                  INFO m.c.s.CustomerServiceImpl        getCustomerDetails  155 fetching customer details
17-08-21 14:49:13.211 main                 ERROR m.c.s.CustomerServiceImpl        getCustomerDetails  179 Customer with customer ID: SBCU000001not found
17-08-21 14:49:13.229 main                  INFO m.c.s.CustomerServiceImpl            createCustomer   57 creating the customer
17-08-21 14:49:13.230 main                  INFO m.c.s.CustomerServiceImpl            createCustomer   86 created customer successfully
17-08-21 14:49:13.231 main                  INFO m.c.s.CustomerServiceImpl            createCustomer   87 requesting account microservice to create accounts
17-08-21 14:49:13.233 main                  INFO m.c.s.CustomerServiceImpl            createCustomer   89 accounts created successfully
17-08-21 14:49:13.273 licationShutdownHook DEBUG org.hibernate.SQL                      logStatement  144 drop table if exists customer CASCADE 
17-08-21 14:49:13.289 licationShutdownHook  INFO c.z.h.HikariDataSource                        close  350 HikariPool-1 - Shutdown initiated...
17-08-21 14:49:13.294 licationShutdownHook  INFO c.z.h.HikariDataSource                        close  352 HikariPool-1 - Shutdown completed.
17-08-21 14:51:22.768 main                  INFO s.CustomerServcieImplTest               logStarting   55 Starting CustomerServcieImplTest using Java 1.8.0_291 on LAPTOP-AIR63DJ5 with PID 27752 (started by tejat in E:\MFPE\Back-end\customer-ms)
17-08-21 14:51:22.771 main                  INFO s.CustomerServcieImplTest     logStartupProfileInfo  659 No active profile set, falling back to default profiles: default
17-08-21 14:51:26.134 main                  INFO c.z.h.HikariDataSource                getConnection  110 HikariPool-1 - Starting...
17-08-21 14:51:26.547 main                  INFO c.z.h.HikariDataSource                getConnection  123 HikariPool-1 - Start completed.
17-08-21 14:51:29.249 main                 DEBUG org.hibernate.SQL                      logStatement  144 drop table if exists customer CASCADE 
17-08-21 14:51:29.256 main                 DEBUG org.hibernate.SQL                      logStatement  144 create table customer (slno bigint generated by default as identity, address varchar(50), customer_id varchar(255), customer_name varchar(20), date_of_birth timestamp, gender integer not null, pan_no varchar(255), password varchar(255) not null, primary key (slno))
17-08-21 14:51:32.775 main                  INFO uestMappingHandlerMapping        initHandlerMethods   69 Mapped URL path [/v2/api-docs] onto method [springfox.documentation.swagger2.web.Swagger2Controller#getDocumentation(String, HttpServletRequest)]
17-08-21 14:51:36.464 main                  INFO tationPluginsBootstrapper                     start  160 Context refreshed
17-08-21 14:51:36.522 main                  INFO tationPluginsBootstrapper                     start  163 Found 1 custom documentation plugin(s)
17-08-21 14:51:36.601 main                  INFO piListingReferenceScanner                      scan   41 Scanning for api listing references
17-08-21 14:51:36.973 main                  INFO s.CustomerServcieImplTest                logStarted   61 Started CustomerServcieImplTest in 16.419 seconds (JVM running for 18.722)
17-08-21 14:51:37.492 main                  INFO m.c.s.CustomerServiceImpl            createCustomer   57 creating the customer
17-08-21 14:51:37.500 main                 ERROR m.c.s.CustomerServiceImpl            createCustomer  118 Customer with given pan no is already existed
17-08-21 14:51:37.549 main                  INFO m.c.s.CustomerServiceImpl        getCustomerDetails  155 fetching customer details
17-08-21 14:51:37.550 main                  INFO m.c.s.CustomerServiceImpl        getCustomerDetails  163 requesting account microservice to fetch all accounts of the customer
17-08-21 14:51:37.552 main                  INFO m.c.s.CustomerServiceImpl        getCustomerDetails  174 [Customer Details:] CustomerDTO(customerId=SBCU000001, customerName=Ram, address=Hyderabad, dateOfBirth=Mon Dec 12 00:00:00 IST 2005, panNo=ABCDE1234F, gender=MALE, accounts=[AccountDto(accountId=SBACS000001, balance=0.0), AccountDto(accountId=SBACC000001, balance=0.0)])
17-08-21 14:51:37.721 main                  INFO m.c.s.CustomerServiceImpl            createCustomer   57 creating the customer
17-08-21 14:51:37.723 main                  INFO m.c.s.CustomerServiceImpl            createCustomer  110 created customer successfully
17-08-21 14:51:37.724 main                  INFO m.c.s.CustomerServiceImpl            createCustomer  111 requesting account microservice to create accounts
17-08-21 14:51:37.725 main                  INFO m.c.s.CustomerServiceImpl            createCustomer  113 accounts created successfully
17-08-21 14:51:37.766 main                 ERROR m.c.s.CustomerServiceImpl        getCustomerDetails  185 Customer with customer ID: SBCU000001not found
17-08-21 14:51:37.781 main                  INFO m.c.s.CustomerServiceImpl        getCustomerDetails  155 fetching customer details
17-08-21 14:51:37.782 main                  INFO m.c.s.CustomerServiceImpl        getCustomerDetails  163 requesting account microservice to fetch all accounts of the customer
17-08-21 14:51:37.783 main                  INFO m.c.s.CustomerServiceImpl        getCustomerDetails  174 [Customer Details:] CustomerDTO(customerId=SBCU000001, customerName=Ram, address=Hyderabad, dateOfBirth=Mon Dec 12 00:00:00 IST 2005, panNo=ABCDE1234F, gender=MALE, accounts=[AccountDto(accountId=SBACS000001, balance=0.0), AccountDto(accountId=SBACC000001, balance=0.0)])
17-08-21 14:51:37.802 main                  INFO m.c.s.CustomerServiceImpl        getCustomerDetails  155 fetching customer details
17-08-21 14:51:37.803 main                 ERROR m.c.s.CustomerServiceImpl        getCustomerDetails  179 Customer with customer ID: SBCU000001not found
17-08-21 14:51:37.824 main                  INFO m.c.s.CustomerServiceImpl            createCustomer   57 creating the customer
17-08-21 14:51:37.825 main                  INFO m.c.s.CustomerServiceImpl            createCustomer   86 created customer successfully
17-08-21 14:51:37.826 main                  INFO m.c.s.CustomerServiceImpl            createCustomer   87 requesting account microservice to create accounts
17-08-21 14:51:37.827 main                  INFO m.c.s.CustomerServiceImpl            createCustomer   89 accounts created successfully
17-08-21 14:51:37.869 licationShutdownHook DEBUG org.hibernate.SQL                      logStatement  144 drop table if exists customer CASCADE 
17-08-21 14:51:37.881 licationShutdownHook  INFO c.z.h.HikariDataSource                        close  350 HikariPool-1 - Shutdown initiated...
17-08-21 14:51:37.886 licationShutdownHook  INFO c.z.h.HikariDataSource                        close  352 HikariPool-1 - Shutdown completed.
17-08-21 14:53:04.407 main                  INFO s.CustomerServcieImplTest               logStarting   55 Starting CustomerServcieImplTest using Java 1.8.0_291 on LAPTOP-AIR63DJ5 with PID 22492 (started by tejat in E:\MFPE\Back-end\customer-ms)
17-08-21 14:53:04.411 main                  INFO s.CustomerServcieImplTest     logStartupProfileInfo  659 No active profile set, falling back to default profiles: default
17-08-21 14:53:07.814 main                  INFO c.z.h.HikariDataSource                getConnection  110 HikariPool-1 - Starting...
17-08-21 14:53:08.291 main                  INFO c.z.h.HikariDataSource                getConnection  123 HikariPool-1 - Start completed.
17-08-21 14:53:11.257 main                 DEBUG org.hibernate.SQL                      logStatement  144 drop table if exists customer CASCADE 
17-08-21 14:53:11.266 main                 DEBUG org.hibernate.SQL                      logStatement  144 create table customer (slno bigint generated by default as identity, address varchar(50), customer_id varchar(255), customer_name varchar(20), date_of_birth timestamp, gender integer not null, pan_no varchar(255), password varchar(255) not null, primary key (slno))
17-08-21 14:53:14.783 main                  INFO uestMappingHandlerMapping        initHandlerMethods   69 Mapped URL path [/v2/api-docs] onto method [springfox.documentation.swagger2.web.Swagger2Controller#getDocumentation(String, HttpServletRequest)]
17-08-21 14:53:18.230 main                  INFO tationPluginsBootstrapper                     start  160 Context refreshed
17-08-21 14:53:18.295 main                  INFO tationPluginsBootstrapper                     start  163 Found 1 custom documentation plugin(s)
17-08-21 14:53:18.368 main                  INFO piListingReferenceScanner                      scan   41 Scanning for api listing references
17-08-21 14:53:18.723 main                  INFO s.CustomerServcieImplTest                logStarted   61 Started CustomerServcieImplTest in 16.498 seconds (JVM running for 18.63)
17-08-21 14:53:19.266 main                  INFO m.c.s.CustomerServiceImpl            createCustomer   57 creating the customer
17-08-21 14:53:19.278 main                 ERROR m.c.s.CustomerServiceImpl            createCustomer  118 Customer with given pan no is already existed
17-08-21 14:53:19.336 main                  INFO m.c.s.CustomerServiceImpl        getCustomerDetails  155 fetching customer details
17-08-21 14:53:19.338 main                  INFO m.c.s.CustomerServiceImpl        getCustomerDetails  163 requesting account microservice to fetch all accounts of the customer
17-08-21 14:53:19.339 main                  INFO m.c.s.CustomerServiceImpl        getCustomerDetails  174 [Customer Details:] CustomerDTO(customerId=SBCU000001, customerName=Ram, address=Hyderabad, dateOfBirth=Mon Dec 12 00:00:00 IST 2005, panNo=ABCDE1234F, gender=MALE, accounts=[AccountDto(accountId=SBACS000001, balance=0.0), AccountDto(accountId=SBACC000001, balance=0.0)])
17-08-21 14:53:19.506 main                  INFO m.c.s.CustomerServiceImpl            createCustomer   57 creating the customer
17-08-21 14:53:19.507 main                  INFO m.c.s.CustomerServiceImpl            createCustomer  110 created customer successfully
17-08-21 14:53:19.508 main                  INFO m.c.s.CustomerServiceImpl            createCustomer  111 requesting account microservice to create accounts
17-08-21 14:53:19.509 main                  INFO m.c.s.CustomerServiceImpl            createCustomer  113 accounts created successfully
17-08-21 14:53:19.547 main                 ERROR m.c.s.CustomerServiceImpl        getCustomerDetails  185 Customer with customer ID: SBCU000001not found
17-08-21 14:53:19.571 main                  INFO m.c.s.CustomerServiceImpl        getCustomerDetails  155 fetching customer details
17-08-21 14:53:19.572 main                  INFO m.c.s.CustomerServiceImpl        getCustomerDetails  163 requesting account microservice to fetch all accounts of the customer
17-08-21 14:53:19.574 main                  INFO m.c.s.CustomerServiceImpl        getCustomerDetails  174 [Customer Details:] CustomerDTO(customerId=SBCU000001, customerName=Ram, address=Hyderabad, dateOfBirth=Mon Dec 12 00:00:00 IST 2005, panNo=ABCDE1234F, gender=MALE, accounts=[AccountDto(accountId=SBACS000001, balance=0.0), AccountDto(accountId=SBACC000001, balance=0.0)])
17-08-21 14:53:19.593 main                  INFO m.c.s.CustomerServiceImpl        getCustomerDetails  155 fetching customer details
17-08-21 14:53:19.594 main                 ERROR m.c.s.CustomerServiceImpl        getCustomerDetails  179 Customer with customer ID: SBCU000001not found
17-08-21 14:53:19.612 main                  INFO m.c.s.CustomerServiceImpl            createCustomer   57 creating the customer
17-08-21 14:53:19.613 main                  INFO m.c.s.CustomerServiceImpl            createCustomer   86 created customer successfully
17-08-21 14:53:19.614 main                  INFO m.c.s.CustomerServiceImpl            createCustomer   87 requesting account microservice to create accounts
17-08-21 14:53:19.614 main                  INFO m.c.s.CustomerServiceImpl            createCustomer   89 accounts created successfully
17-08-21 14:53:19.648 licationShutdownHook DEBUG org.hibernate.SQL                      logStatement  144 drop table if exists customer CASCADE 
17-08-21 14:53:19.662 licationShutdownHook  INFO c.z.h.HikariDataSource                        close  350 HikariPool-1 - Shutdown initiated...
17-08-21 14:53:19.667 licationShutdownHook  INFO c.z.h.HikariDataSource                        close  352 HikariPool-1 - Shutdown completed.
17-08-21 14:54:20.567 main                  INFO s.CustomerServcieImplTest               logStarting   55 Starting CustomerServcieImplTest using Java 1.8.0_291 on LAPTOP-AIR63DJ5 with PID 28172 (started by tejat in E:\MFPE\Back-end\customer-ms)
17-08-21 14:54:20.571 main                  INFO s.CustomerServcieImplTest     logStartupProfileInfo  659 No active profile set, falling back to default profiles: default
17-08-21 14:54:23.974 main                  INFO c.z.h.HikariDataSource                getConnection  110 HikariPool-1 - Starting...
17-08-21 14:54:24.305 main                  INFO c.z.h.HikariDataSource                getConnection  123 HikariPool-1 - Start completed.
17-08-21 14:54:27.054 main                 DEBUG org.hibernate.SQL                      logStatement  144 drop table if exists customer CASCADE 
17-08-21 14:54:27.061 main                 DEBUG org.hibernate.SQL                      logStatement  144 create table customer (slno bigint generated by default as identity, address varchar(50), customer_id varchar(255), customer_name varchar(20), date_of_birth timestamp, gender integer not null, pan_no varchar(255), password varchar(255) not null, primary key (slno))
17-08-21 14:54:30.544 main                  INFO uestMappingHandlerMapping        initHandlerMethods   69 Mapped URL path [/v2/api-docs] onto method [springfox.documentation.swagger2.web.Swagger2Controller#getDocumentation(String, HttpServletRequest)]
17-08-21 14:54:33.951 main                  INFO tationPluginsBootstrapper                     start  160 Context refreshed
17-08-21 14:54:34.007 main                  INFO tationPluginsBootstrapper                     start  163 Found 1 custom documentation plugin(s)
17-08-21 14:54:34.073 main                  INFO piListingReferenceScanner                      scan   41 Scanning for api listing references
17-08-21 14:54:34.402 main                  INFO s.CustomerServcieImplTest                logStarted   61 Started CustomerServcieImplTest in 16.715 seconds (JVM running for 18.979)
17-08-21 14:54:34.893 main                  INFO m.c.s.CustomerServiceImpl            createCustomer   57 creating the customer
17-08-21 14:54:34.908 main                 ERROR m.c.s.CustomerServiceImpl            createCustomer  118 Customer with given pan no is already existed
17-08-21 14:54:34.991 main                  INFO m.c.s.CustomerServiceImpl        getCustomerDetails  155 fetching customer details
17-08-21 14:54:34.993 main                  INFO m.c.s.CustomerServiceImpl        getCustomerDetails  163 requesting account microservice to fetch all accounts of the customer
17-08-21 14:54:34.994 main                  INFO m.c.s.CustomerServiceImpl        getCustomerDetails  174 [Customer Details:] CustomerDTO(customerId=SBCU000001, customerName=Ram, address=Hyderabad, dateOfBirth=Mon Dec 12 00:00:00 IST 2005, panNo=ABCDE1234F, gender=MALE, accounts=[AccountDto(accountId=SBACS000001, balance=0.0), AccountDto(accountId=SBACC000001, balance=0.0)])
17-08-21 14:54:35.180 main                  INFO m.c.s.CustomerServiceImpl            createCustomer   57 creating the customer
17-08-21 14:54:35.181 main                  INFO m.c.s.CustomerServiceImpl            createCustomer  110 created customer successfully
17-08-21 14:54:35.182 main                  INFO m.c.s.CustomerServiceImpl            createCustomer  111 requesting account microservice to create accounts
17-08-21 14:54:35.183 main                  INFO m.c.s.CustomerServiceImpl            createCustomer  113 accounts created successfully
17-08-21 14:54:35.201 main                 ERROR m.c.s.CustomerServiceImpl        getCustomerDetails  185 Customer with customer ID: SBCU000001not found
17-08-21 14:54:35.216 main                  INFO m.c.s.CustomerServiceImpl        getCustomerDetails  155 fetching customer details
17-08-21 14:54:35.217 main                  INFO m.c.s.CustomerServiceImpl        getCustomerDetails  163 requesting account microservice to fetch all accounts of the customer
17-08-21 14:54:35.218 main                  INFO m.c.s.CustomerServiceImpl        getCustomerDetails  174 [Customer Details:] CustomerDTO(customerId=SBCU000001, customerName=Ram, address=Hyderabad, dateOfBirth=Mon Dec 12 00:00:00 IST 2005, panNo=ABCDE1234F, gender=MALE, accounts=[AccountDto(accountId=SBACS000001, balance=0.0), AccountDto(accountId=SBACC000001, balance=0.0)])
17-08-21 14:54:35.236 main                  INFO m.c.s.CustomerServiceImpl        getCustomerDetails  155 fetching customer details
17-08-21 14:54:35.237 main                 ERROR m.c.s.CustomerServiceImpl        getCustomerDetails  179 Customer with customer ID: SBCU000001not found
17-08-21 14:54:35.253 main                  INFO m.c.s.CustomerServiceImpl            createCustomer   57 creating the customer
17-08-21 14:54:35.254 main                  INFO m.c.s.CustomerServiceImpl            createCustomer   86 created customer successfully
17-08-21 14:54:35.255 main                  INFO m.c.s.CustomerServiceImpl            createCustomer   87 requesting account microservice to create accounts
17-08-21 14:54:35.256 main                  INFO m.c.s.CustomerServiceImpl            createCustomer   89 accounts created successfully
17-08-21 14:54:35.286 licationShutdownHook DEBUG org.hibernate.SQL                      logStatement  144 drop table if exists customer CASCADE 
17-08-21 14:54:35.301 licationShutdownHook  INFO c.z.h.HikariDataSource                        close  350 HikariPool-1 - Shutdown initiated...
17-08-21 14:54:35.306 licationShutdownHook  INFO c.z.h.HikariDataSource                        close  352 HikariPool-1 - Shutdown completed.
17-08-21 14:57:19.265 main                  INFO .c.CustomerControllerTest               logStarting   55 Starting CustomerControllerTest using Java 1.8.0_291 on LAPTOP-AIR63DJ5 with PID 22844 (started by tejat in E:\MFPE\Back-end\customer-ms)
17-08-21 14:57:19.271 main                  INFO .c.CustomerControllerTest     logStartupProfileInfo  659 No active profile set, falling back to default profiles: default
17-08-21 14:57:24.242 main                  INFO .c.CustomerControllerTest                logStarted   61 Started CustomerControllerTest in 8.551 seconds (JVM running for 13.123)
17-08-21 14:57:25.277 main                 ERROR .m.c.c.CustomerController            createCustomer   79 Only employee can access this resource
17-08-21 14:57:25.390 main                  INFO .m.c.c.CustomerController        getCustomerDetails  112 requesting customer microservice to get customer details
17-08-21 14:57:25.426 main                 ERROR .m.c.c.CustomerController        getCustomerDetails  103 JWT required for validating the access to this resource
17-08-21 14:57:25.465 main                 ERROR .m.c.c.CustomerController        getCustomerDetails  118 Only eemployee can access this resource
17-08-21 14:57:25.514 main                 ERROR .m.c.c.CustomerController            createCustomer   61 JWT required for validating the access to this resource
17-08-21 14:57:25.565 main                  INFO .m.c.c.CustomerController            createCustomer   72 requesting customer microservice to create the customer
17-08-21 14:57:27.632 main                  INFO s.CustomerServcieImplTest               logStarting   55 Starting CustomerServcieImplTest using Java 1.8.0_291 on LAPTOP-AIR63DJ5 with PID 22844 (started by tejat in E:\MFPE\Back-end\customer-ms)
17-08-21 14:57:27.634 main                  INFO s.CustomerServcieImplTest     logStartupProfileInfo  659 No active profile set, falling back to default profiles: default
17-08-21 14:57:30.046 main                  INFO c.z.h.HikariDataSource                getConnection  110 HikariPool-1 - Starting...
17-08-21 14:57:30.955 main                  INFO c.z.h.HikariDataSource                getConnection  123 HikariPool-1 - Start completed.
17-08-21 14:57:34.168 main                 DEBUG org.hibernate.SQL                      logStatement  144 drop table if exists customer CASCADE 
17-08-21 14:57:34.179 main                 DEBUG org.hibernate.SQL                      logStatement  144 create table customer (slno bigint generated by default as identity, address varchar(50), customer_id varchar(255), customer_name varchar(20), date_of_birth timestamp, gender integer not null, pan_no varchar(255), password varchar(255) not null, primary key (slno))
17-08-21 14:57:37.792 main                  INFO uestMappingHandlerMapping        initHandlerMethods   69 Mapped URL path [/v2/api-docs] onto method [springfox.documentation.swagger2.web.Swagger2Controller#getDocumentation(String, HttpServletRequest)]
17-08-21 14:57:41.048 main                  INFO tationPluginsBootstrapper                     start  160 Context refreshed
17-08-21 14:57:41.118 main                  INFO tationPluginsBootstrapper                     start  163 Found 1 custom documentation plugin(s)
17-08-21 14:57:41.213 main                  INFO piListingReferenceScanner                      scan   41 Scanning for api listing references
17-08-21 14:57:41.555 main                  INFO s.CustomerServcieImplTest                logStarted   61 Started CustomerServcieImplTest in 15.899 seconds (JVM running for 30.436)
17-08-21 14:57:41.812 main                  INFO m.c.s.CustomerServiceImpl            createCustomer   57 creating the customer
17-08-21 14:57:41.813 main                 ERROR m.c.s.CustomerServiceImpl            createCustomer  118 Customer with given pan no is already existed
17-08-21 14:57:41.829 main                  INFO m.c.s.CustomerServiceImpl        getCustomerDetails  155 fetching customer details
17-08-21 14:57:41.830 main                  INFO m.c.s.CustomerServiceImpl        getCustomerDetails  163 requesting account microservice to fetch all accounts of the customer
17-08-21 14:57:41.831 main                  INFO m.c.s.CustomerServiceImpl        getCustomerDetails  174 [Customer Details:] CustomerDTO(customerId=SBCU000001, customerName=Ram, address=Hyderabad, dateOfBirth=Mon Dec 12 00:00:00 IST 2005, panNo=ABCDE1234F, gender=MALE, accounts=[AccountDto(accountId=SBACS000001, balance=0.0), AccountDto(accountId=SBACC000001, balance=0.0)])
17-08-21 14:57:42.035 main                  INFO m.c.s.CustomerServiceImpl            createCustomer   57 creating the customer
17-08-21 14:57:42.037 main                  INFO m.c.s.CustomerServiceImpl            createCustomer  110 created customer successfully
17-08-21 14:57:42.038 main                  INFO m.c.s.CustomerServiceImpl            createCustomer  111 requesting account microservice to create accounts
17-08-21 14:57:42.038 main                  INFO m.c.s.CustomerServiceImpl            createCustomer  113 accounts created successfully
17-08-21 14:57:42.049 main                 ERROR m.c.s.CustomerServiceImpl        getCustomerDetails  185 Customer with customer ID: SBCU000001not found
17-08-21 14:57:42.063 main                  INFO m.c.s.CustomerServiceImpl        getCustomerDetails  155 fetching customer details
17-08-21 14:57:42.064 main                  INFO m.c.s.CustomerServiceImpl        getCustomerDetails  163 requesting account microservice to fetch all accounts of the customer
17-08-21 14:57:42.065 main                  INFO m.c.s.CustomerServiceImpl        getCustomerDetails  174 [Customer Details:] CustomerDTO(customerId=SBCU000001, customerName=Ram, address=Hyderabad, dateOfBirth=Mon Dec 12 00:00:00 IST 2005, panNo=ABCDE1234F, gender=MALE, accounts=[AccountDto(accountId=SBACS000001, balance=0.0), AccountDto(accountId=SBACC000001, balance=0.0)])
17-08-21 14:57:42.077 main                  INFO m.c.s.CustomerServiceImpl        getCustomerDetails  155 fetching customer details
17-08-21 14:57:42.079 main                 ERROR m.c.s.CustomerServiceImpl        getCustomerDetails  179 Customer with customer ID: SBCU000001not found
17-08-21 14:57:42.090 main                  INFO m.c.s.CustomerServiceImpl            createCustomer   57 creating the customer
17-08-21 14:57:42.091 main                  INFO m.c.s.CustomerServiceImpl            createCustomer   86 created customer successfully
17-08-21 14:57:42.092 main                  INFO m.c.s.CustomerServiceImpl            createCustomer   87 requesting account microservice to create accounts
17-08-21 14:57:42.092 main                  INFO m.c.s.CustomerServiceImpl            createCustomer   89 accounts created successfully
17-08-21 14:57:42.876 licationShutdownHook DEBUG org.hibernate.SQL                      logStatement  144 drop table if exists customer CASCADE 
17-08-21 14:57:42.893 licationShutdownHook  INFO c.z.h.HikariDataSource                        close  350 HikariPool-1 - Shutdown initiated...
17-08-21 14:57:42.914 licationShutdownHook  INFO c.z.h.HikariDataSource                        close  352 HikariPool-1 - Shutdown completed.
17-08-21 15:14:03.206 restartedMain         INFO m.c.CustomerMsApplication               logStarting   55 Starting CustomerMsApplication using Java 1.8.0_291 on LAPTOP-AIR63DJ5 with PID 25252 (E:\MFPE\Back-end\customer-ms\target\classes started by tejat in E:\MFPE\Back-end\customer-ms)
17-08-21 15:14:03.214 restartedMain         INFO m.c.CustomerMsApplication     logStartupProfileInfo  659 No active profile set, falling back to default profiles: default
17-08-21 15:14:07.249 restartedMain         INFO o.a.c.c.StandardService                         log  173 Starting service [Tomcat]
17-08-21 15:14:07.250 restartedMain         INFO o.a.c.core.StandardEngine                       log  173 Starting Servlet engine: [Apache Tomcat/9.0.50]
17-08-21 15:14:07.452 restartedMain         INFO o.a.c.c.C.[.[.[/customer]                       log  173 Initializing Spring embedded WebApplicationContext
17-08-21 15:14:07.521 restartedMain         INFO c.z.h.HikariDataSource                getConnection  110 HikariPool-1 - Starting...
17-08-21 15:14:07.935 restartedMain         INFO c.z.h.HikariDataSource                getConnection  123 HikariPool-1 - Start completed.
17-08-21 15:14:10.116 restartedMain        DEBUG org.hibernate.SQL                      logStatement  144 drop table if exists customer CASCADE 
17-08-21 15:14:10.121 restartedMain        DEBUG org.hibernate.SQL                      logStatement  144 create table customer (slno bigint generated by default as identity, address varchar(50), customer_id varchar(255), customer_name varchar(20), date_of_birth timestamp, gender integer not null, pan_no varchar(255), password varchar(255) not null, primary key (slno))
17-08-21 15:14:12.400 restartedMain         INFO uestMappingHandlerMapping        initHandlerMethods   69 Mapped URL path [/v2/api-docs] onto method [springfox.documentation.swagger2.web.Swagger2Controller#getDocumentation(String, HttpServletRequest)]
17-08-21 15:14:16.797 restartedMain         INFO tationPluginsBootstrapper                     start  160 Context refreshed
17-08-21 15:14:16.864 restartedMain         INFO tationPluginsBootstrapper                     start  163 Found 1 custom documentation plugin(s)
17-08-21 15:14:17.012 restartedMain         INFO piListingReferenceScanner                      scan   41 Scanning for api listing references
17-08-21 15:14:17.464 restartedMain         INFO m.c.CustomerMsApplication                logStarted   61 Started CustomerMsApplication in 16.815 seconds (JVM running for 18.766)
17-08-21 15:17:07.992 http-nio-9095-exec-1  INFO o.a.c.c.C.[.[.[/customer]                       log  173 Initializing Spring DispatcherServlet 'dispatcherServlet'
