17-08-21 11:59:15.204 restartedMain         INFO .TransactionMsApplication               logStarting   55 Starting TransactionMsApplication using Java 1.8.0_291 on LAPTOP-AIR63DJ5 with PID 12700 (E:\MFPE\Back-end\transaction-ms\target\classes started by tejat in E:\MFPE\Back-end\transaction-ms)
17-08-21 11:59:15.211 restartedMain         INFO .TransactionMsApplication     logStartupProfileInfo  659 No active profile set, falling back to default profiles: default
17-08-21 11:59:19.124 restartedMain         INFO o.a.c.c.StandardService                         log  173 Starting service [Tomcat]
17-08-21 11:59:19.125 restartedMain         INFO o.a.c.core.StandardEngine                       log  173 Starting Servlet engine: [Apache Tomcat/9.0.50]
17-08-21 11:59:19.369 restartedMain         INFO .c.c.C.[.[.[/transaction]                       log  173 Initializing Spring embedded WebApplicationContext
17-08-21 11:59:19.438 restartedMain         INFO c.z.h.HikariDataSource                getConnection  110 HikariPool-1 - Starting...
17-08-21 11:59:19.969 restartedMain         INFO c.z.h.HikariDataSource                getConnection  123 HikariPool-1 - Start completed.
17-08-21 11:59:22.214 restartedMain        DEBUG org.hibernate.SQL                      logStatement  144 drop table if exists transactions_history CASCADE 
17-08-21 11:59:22.221 restartedMain        DEBUG org.hibernate.SQL                      logStatement  144 create table transactions_history (slno bigint generated by default as identity, amount double not null, date_of_transaction timestamp, destination_account_id varchar(255), destination_balance double not null, source_account_id varchar(255), source_balance double not null, transaction_id varchar(255), transaction_status varchar(255), transaction_type varchar(255), primary key (slno))
17-08-21 11:59:24.200 restartedMain         INFO uestMappingHandlerMapping        initHandlerMethods   69 Mapped URL path [/v2/api-docs] onto method [springfox.documentation.swagger2.web.Swagger2Controller#getDocumentation(String, HttpServletRequest)]
17-08-21 11:59:27.440 restartedMain         INFO tationPluginsBootstrapper                     start  160 Context refreshed
17-08-21 11:59:27.467 restartedMain         INFO tationPluginsBootstrapper                     start  163 Found 1 custom documentation plugin(s)
17-08-21 11:59:27.500 restartedMain         INFO piListingReferenceScanner                      scan   41 Scanning for api listing references
17-08-21 11:59:27.714 restartedMain         INFO .TransactionMsApplication                logStarted   61 Started TransactionMsApplication in 15.523 seconds (JVM running for 17.279)
17-08-21 12:10:10.439 http-nio-9094-exec-1  INFO .c.c.C.[.[.[/transaction]                       log  173 Initializing Spring DispatcherServlet 'dispatcherServlet'
17-08-21 12:10:11.129 http-nio-9094-exec-2  INFO t.c.TransactionController         getServiceCharges  237 requesting transaction service to fetch the service charges
17-08-21 12:10:11.131 http-nio-9094-exec-2  INFO .s.TransactionServiceImpl         getServiceCharges  198 requesting Rule Microservice to get service charges
17-08-21 12:10:13.844 http-nio-9094-exec-2 ERROR [.[.[.[dispatcherServlet]                       log  175 Servlet.service() for servlet [dispatcherServlet] in context with path [/transaction] threw exception [Request processing failed; nested exception is feign.FeignException$InternalServerError: [500] during [GET] to [http://localhost:9093/rule/getServiceCharges/SBCU000000] [RuleFeign#getServiceCharges(String,String)]: [{"timestamp":"2021-08-17T06:40:13.736+00:00","status":500,"error":"Internal Server Error","message":"Connection refused: connect executing GET http://localhost:9096/account/getCustomerAccounts/SBCU000000","path":"/rule/getServiceCharges/SBCU000000"}]] with root cause
feign.FeignException$InternalServerError: [500] during [GET] to [http://localhost:9093/rule/getServiceCharges/SBCU000000] [RuleFeign#getServiceCharges(String,String)]: [{"timestamp":"2021-08-17T06:40:13.736+00:00","status":500,"error":"Internal Server Error","message":"Connection refused: connect executing GET http://localhost:9096/account/getCustomerAccounts/SBCU000000","path":"/rule/getServiceCharges/SBCU000000"}]
	at feign.FeignException.serverErrorStatus(FeignException.java:231)
	at feign.FeignException.errorStatus(FeignException.java:180)
	at feign.FeignException.errorStatus(FeignException.java:169)
	at feign.codec.ErrorDecoder$Default.decode(ErrorDecoder.java:92)
	at feign.AsyncResponseHandler.handleResponse(AsyncResponseHandler.java:96)
	at feign.SynchronousMethodHandler.executeAndDecode(SynchronousMethodHandler.java:138)
	at feign.SynchronousMethodHandler.invoke(SynchronousMethodHandler.java:89)
	at feign.ReflectiveFeign$FeignInvocationHandler.invoke(ReflectiveFeign.java:100)
	at com.sun.proxy.$Proxy119.getServiceCharges(Unknown Source)
	at com.mfpe.transaction.service.TransactionServiceImpl.getServiceCharges(TransactionServiceImpl.java:201)
	at com.mfpe.transaction.controller.TransactionController.getServiceCharges(TransactionController.java:238)
	at sun.reflect.NativeMethodAccessorImpl.invoke0(Native Method)
	at sun.reflect.NativeMethodAccessorImpl.invoke(NativeMethodAccessorImpl.java:62)
	at sun.reflect.DelegatingMethodAccessorImpl.invoke(DelegatingMethodAccessorImpl.java:43)
	at java.lang.reflect.Method.invoke(Method.java:498)
	at org.springframework.web.method.support.InvocableHandlerMethod.doInvoke(InvocableHandlerMethod.java:197)
	at org.springframework.web.method.support.InvocableHandlerMethod.invokeForRequest(InvocableHandlerMethod.java:141)
	at org.springframework.web.servlet.mvc.method.annotation.ServletInvocableHandlerMethod.invokeAndHandle(ServletInvocableHandlerMethod.java:106)
	at org.springframework.web.servlet.mvc.method.annotation.RequestMappingHandlerAdapter.invokeHandlerMethod(RequestMappingHandlerAdapter.java:895)
	at org.springframework.web.servlet.mvc.method.annotation.RequestMappingHandlerAdapter.handleInternal(RequestMappingHandlerAdapter.java:808)
	at org.springframework.web.servlet.mvc.method.AbstractHandlerMethodAdapter.handle(AbstractHandlerMethodAdapter.java:87)
	at org.springframework.web.servlet.DispatcherServlet.doDispatch(DispatcherServlet.java:1064)
	at org.springframework.web.servlet.DispatcherServlet.doService(DispatcherServlet.java:963)
	at org.springframework.web.servlet.FrameworkServlet.processRequest(FrameworkServlet.java:1006)
	at org.springframework.web.servlet.FrameworkServlet.doGet(FrameworkServlet.java:898)
	at javax.servlet.http.HttpServlet.service(HttpServlet.java:655)
	at org.springframework.web.servlet.FrameworkServlet.service(FrameworkServlet.java:883)
	at javax.servlet.http.HttpServlet.service(HttpServlet.java:764)
	at org.apache.catalina.core.ApplicationFilterChain.internalDoFilter(ApplicationFilterChain.java:228)
	at org.apache.catalina.core.ApplicationFilterChain.doFilter(ApplicationFilterChain.java:163)
	at org.apache.tomcat.websocket.server.WsFilter.doFilter(WsFilter.java:53)
	at org.apache.catalina.core.ApplicationFilterChain.internalDoFilter(ApplicationFilterChain.java:190)
	at org.apache.catalina.core.ApplicationFilterChain.doFilter(ApplicationFilterChain.java:163)
	at org.springframework.web.filter.RequestContextFilter.doFilterInternal(RequestContextFilter.java:100)
	at org.springframework.web.filter.OncePerRequestFilter.doFilter(OncePerRequestFilter.java:119)
	at org.apache.catalina.core.ApplicationFilterChain.internalDoFilter(ApplicationFilterChain.java:190)
	at org.apache.catalina.core.ApplicationFilterChain.doFilter(ApplicationFilterChain.java:163)
	at org.springframework.web.filter.FormContentFilter.doFilterInternal(FormContentFilter.java:93)
	at org.springframework.web.filter.OncePerRequestFilter.doFilter(OncePerRequestFilter.java:119)
	at org.apache.catalina.core.ApplicationFilterChain.internalDoFilter(ApplicationFilterChain.java:190)
	at org.apache.catalina.core.ApplicationFilterChain.doFilter(ApplicationFilterChain.java:163)
	at org.springframework.web.filter.CharacterEncodingFilter.doFilterInternal(CharacterEncodingFilter.java:201)
	at org.springframework.web.filter.OncePerRequestFilter.doFilter(OncePerRequestFilter.java:119)
	at org.apache.catalina.core.ApplicationFilterChain.internalDoFilter(ApplicationFilterChain.java:190)
	at org.apache.catalina.core.ApplicationFilterChain.doFilter(ApplicationFilterChain.java:163)
	at org.apache.catalina.core.StandardWrapperValve.invoke(StandardWrapperValve.java:202)
	at org.apache.catalina.core.StandardContextValve.invoke(StandardContextValve.java:97)
	at org.apache.catalina.authenticator.AuthenticatorBase.invoke(AuthenticatorBase.java:542)
	at org.apache.catalina.core.StandardHostValve.invoke(StandardHostValve.java:143)
	at org.apache.catalina.valves.ErrorReportValve.invoke(ErrorReportValve.java:92)
	at org.apache.catalina.core.StandardEngineValve.invoke(StandardEngineValve.java:78)
	at org.apache.catalina.connector.CoyoteAdapter.service(CoyoteAdapter.java:357)
	at org.apache.coyote.http11.Http11Processor.service(Http11Processor.java:382)
	at org.apache.coyote.AbstractProcessorLight.process(AbstractProcessorLight.java:65)
	at org.apache.coyote.AbstractProtocol$ConnectionHandler.process(AbstractProtocol.java:893)
	at org.apache.tomcat.util.net.NioEndpoint$SocketProcessor.doRun(NioEndpoint.java:1723)
	at org.apache.tomcat.util.net.SocketProcessorBase.run(SocketProcessorBase.java:49)
	at java.util.concurrent.ThreadPoolExecutor.runWorker(ThreadPoolExecutor.java:1149)
	at java.util.concurrent.ThreadPoolExecutor$Worker.run(ThreadPoolExecutor.java:624)
	at org.apache.tomcat.util.threads.TaskThread$WrappingRunnable.run(TaskThread.java:61)
	at java.lang.Thread.run(Thread.java:748)
17-08-21 12:28:11.414 http-nio-9094-exec-3  INFO t.c.TransactionController         getServiceCharges  237 requesting transaction service to fetch the service charges
17-08-21 12:28:11.445 http-nio-9094-exec-3  INFO .s.TransactionServiceImpl         getServiceCharges  198 requesting Rule Microservice to get service charges
17-08-21 12:28:57.421 http-nio-9094-exec-6  INFO t.c.TransactionController                  withdraw  114 requesting Transaction service to withdraw the money
17-08-21 12:28:57.421 http-nio-9094-exec-6  INFO .s.TransactionServiceImpl                  withdraw   71 requesting the rule microservice to validate the withdrawal
17-08-21 12:28:57.726 http-nio-9094-exec-6  INFO .s.TransactionServiceImpl                  withdraw   88 permission denied for transaction, not enough balance
17-08-21 12:28:57.727 http-nio-9094-exec-6  INFO .s.TransactionServiceImpl                  withdraw   93 [Transaction status:] TransactionStatus(message=Denied, sourceBalance=0.0, destinationBalance=0.0)
17-08-21 12:28:57.954 http-nio-9094-exec-6 DEBUG org.hibernate.SQL                      logStatement  144 select transactio0_.slno as slno1_0_, transactio0_.amount as amount2_0_, transactio0_.date_of_transaction as date_of_3_0_, transactio0_.destination_account_id as destinat4_0_, transactio0_.destination_balance as destinat5_0_, transactio0_.source_account_id as source_a6_0_, transactio0_.source_balance as source_b7_0_, transactio0_.transaction_id as transact8_0_, transactio0_.transaction_status as transact9_0_, transactio0_.transaction_type as transac10_0_ from transactions_history transactio0_
17-08-21 12:28:57.985 http-nio-9094-exec-6  INFO .s.TransactionServiceImpl                saveRecord  254 saving the record
17-08-21 12:28:57.986 http-nio-9094-exec-6  INFO .s.TransactionServiceImpl                saveRecord  273 [Transaction record details:] TransactionsHistory(id=0, transactionId=SBTR-000000-000001, transactionType=Withdraw, sourceAccountId=SBACS000000, destinationAccountId=-, amount=100.0, dateOfTransaction=Tue Aug 17 12:28:57 IST 2021, transactionStatus=Unsuccessful, sourceBalance=0.0, destinationBalance=0.0)
17-08-21 12:28:58.080 http-nio-9094-exec-6 DEBUG org.hibernate.SQL                      logStatement  144 insert into transactions_history (slno, amount, date_of_transaction, destination_account_id, destination_balance, source_account_id, source_balance, transaction_id, transaction_status, transaction_type) values (null, ?, ?, ?, ?, ?, ?, ?, ?, ?)
17-08-21 12:28:58.086 http-nio-9094-exec-6 TRACE o.h.t.d.sql.BasicBinder                        bind   64 binding parameter [1] as [DOUBLE] - [100.0]
17-08-21 12:28:58.089 http-nio-9094-exec-6 TRACE o.h.t.d.sql.BasicBinder                        bind   64 binding parameter [2] as [TIMESTAMP] - [Tue Aug 17 12:28:57 IST 2021]
17-08-21 12:28:58.111 http-nio-9094-exec-6 TRACE o.h.t.d.sql.BasicBinder                        bind   64 binding parameter [3] as [VARCHAR] - [-]
17-08-21 12:28:58.112 http-nio-9094-exec-6 TRACE o.h.t.d.sql.BasicBinder                        bind   64 binding parameter [4] as [DOUBLE] - [0.0]
17-08-21 12:28:58.112 http-nio-9094-exec-6 TRACE o.h.t.d.sql.BasicBinder                        bind   64 binding parameter [5] as [VARCHAR] - [SBACS000000]
17-08-21 12:28:58.113 http-nio-9094-exec-6 TRACE o.h.t.d.sql.BasicBinder                        bind   64 binding parameter [6] as [DOUBLE] - [0.0]
17-08-21 12:28:58.113 http-nio-9094-exec-6 TRACE o.h.t.d.sql.BasicBinder                        bind   64 binding parameter [7] as [VARCHAR] - [SBTR-000000-000001]
17-08-21 12:28:58.114 http-nio-9094-exec-6 TRACE o.h.t.d.sql.BasicBinder                        bind   64 binding parameter [8] as [VARCHAR] - [Unsuccessful]
17-08-21 12:28:58.114 http-nio-9094-exec-6 TRACE o.h.t.d.sql.BasicBinder                        bind   64 binding parameter [9] as [VARCHAR] - [Withdraw]
17-08-21 12:28:58.143 http-nio-9094-exec-6 ERROR .s.TransactionServiceImpl                  withdraw   97 Not enough balance to proceed with this transaction
17-08-21 12:31:41.142 http-nio-9094-exec-8  INFO t.c.TransactionController                   deposit   74 requesting Transaction service to deposit the money
17-08-21 12:31:41.143 http-nio-9094-exec-8  INFO .s.TransactionServiceImpl                   deposit   52 requesting account microservice to deposit the money
17-08-21 12:31:41.233 http-nio-9094-exec-8  INFO .s.TransactionServiceImpl                   deposit   62 [Transaction status:] TransactionStatus(message=Money deposit transaction successfull, sourceBalance=0.0, destinationBalance=100.0)
17-08-21 12:31:41.235 http-nio-9094-exec-8 DEBUG org.hibernate.SQL                      logStatement  144 select transactio0_.slno as slno1_0_, transactio0_.amount as amount2_0_, transactio0_.date_of_transaction as date_of_3_0_, transactio0_.destination_account_id as destinat4_0_, transactio0_.destination_balance as destinat5_0_, transactio0_.source_account_id as source_a6_0_, transactio0_.source_balance as source_b7_0_, transactio0_.transaction_id as transact8_0_, transactio0_.transaction_status as transact9_0_, transactio0_.transaction_type as transac10_0_ from transactions_history transactio0_
17-08-21 12:31:41.254 http-nio-9094-exec-8 TRACE o.h.t.d.s.BasicExtractor                    extract   60 extracted value ([slno1_0_] : [BIGINT]) - [1]
17-08-21 12:31:41.264 http-nio-9094-exec-8 TRACE o.h.t.d.s.BasicExtractor                    extract   60 extracted value ([amount2_0_] : [DOUBLE]) - [100.0]
17-08-21 12:31:41.268 http-nio-9094-exec-8 TRACE o.h.t.d.s.BasicExtractor                    extract   60 extracted value ([date_of_3_0_] : [TIMESTAMP]) - [2021-08-17 12:28:57.985]
17-08-21 12:31:41.270 http-nio-9094-exec-8 TRACE o.h.t.d.s.BasicExtractor                    extract   60 extracted value ([destinat4_0_] : [VARCHAR]) - [-]
17-08-21 12:31:41.272 http-nio-9094-exec-8 TRACE o.h.t.d.s.BasicExtractor                    extract   60 extracted value ([destinat5_0_] : [DOUBLE]) - [0.0]
17-08-21 12:31:41.272 http-nio-9094-exec-8 TRACE o.h.t.d.s.BasicExtractor                    extract   60 extracted value ([source_a6_0_] : [VARCHAR]) - [SBACS000000]
17-08-21 12:31:41.273 http-nio-9094-exec-8 TRACE o.h.t.d.s.BasicExtractor                    extract   60 extracted value ([source_b7_0_] : [DOUBLE]) - [0.0]
17-08-21 12:31:41.275 http-nio-9094-exec-8 TRACE o.h.t.d.s.BasicExtractor                    extract   60 extracted value ([transact8_0_] : [VARCHAR]) - [SBTR-000000-000001]
17-08-21 12:31:41.277 http-nio-9094-exec-8 TRACE o.h.t.d.s.BasicExtractor                    extract   60 extracted value ([transact9_0_] : [VARCHAR]) - [Unsuccessful]
17-08-21 12:31:41.278 http-nio-9094-exec-8 TRACE o.h.t.d.s.BasicExtractor                    extract   60 extracted value ([transac10_0_] : [VARCHAR]) - [Withdraw]
17-08-21 12:31:41.333 http-nio-9094-exec-8 DEBUG org.hibernate.SQL                      logStatement  144 select max(transactio0_.slno) as col_0_0_ from transactions_history transactio0_
17-08-21 12:31:41.339 http-nio-9094-exec-8 TRACE o.h.t.d.s.BasicExtractor                    extract   60 extracted value ([col_0_0_] : [BIGINT]) - [1]
17-08-21 12:31:41.342 http-nio-9094-exec-8  INFO .s.TransactionServiceImpl                saveRecord  254 saving the record
17-08-21 12:31:41.343 http-nio-9094-exec-8  INFO .s.TransactionServiceImpl                saveRecord  273 [Transaction record details:] TransactionsHistory(id=0, transactionId=SBTR-000000-000002, transactionType=Deposit, sourceAccountId=SBACS000000, destinationAccountId=-, amount=100.0, dateOfTransaction=Tue Aug 17 12:31:41 IST 2021, transactionStatus=Successful, sourceBalance=0.0, destinationBalance=100.0)
17-08-21 12:31:41.344 http-nio-9094-exec-8 DEBUG org.hibernate.SQL                      logStatement  144 insert into transactions_history (slno, amount, date_of_transaction, destination_account_id, destination_balance, source_account_id, source_balance, transaction_id, transaction_status, transaction_type) values (null, ?, ?, ?, ?, ?, ?, ?, ?, ?)
17-08-21 12:31:41.345 http-nio-9094-exec-8 TRACE o.h.t.d.sql.BasicBinder                        bind   64 binding parameter [1] as [DOUBLE] - [100.0]
17-08-21 12:31:41.346 http-nio-9094-exec-8 TRACE o.h.t.d.sql.BasicBinder                        bind   64 binding parameter [2] as [TIMESTAMP] - [Tue Aug 17 12:31:41 IST 2021]
17-08-21 12:31:41.347 http-nio-9094-exec-8 TRACE o.h.t.d.sql.BasicBinder                        bind   64 binding parameter [3] as [VARCHAR] - [-]
17-08-21 12:31:41.348 http-nio-9094-exec-8 TRACE o.h.t.d.sql.BasicBinder                        bind   64 binding parameter [4] as [DOUBLE] - [100.0]
17-08-21 12:31:41.348 http-nio-9094-exec-8 TRACE o.h.t.d.sql.BasicBinder                        bind   64 binding parameter [5] as [VARCHAR] - [SBACS000000]
17-08-21 12:31:41.349 http-nio-9094-exec-8 TRACE o.h.t.d.sql.BasicBinder                        bind   64 binding parameter [6] as [DOUBLE] - [0.0]
17-08-21 12:31:41.351 http-nio-9094-exec-8 TRACE o.h.t.d.sql.BasicBinder                        bind   64 binding parameter [7] as [VARCHAR] - [SBTR-000000-000002]
17-08-21 12:31:41.353 http-nio-9094-exec-8 TRACE o.h.t.d.sql.BasicBinder                        bind   64 binding parameter [8] as [VARCHAR] - [Successful]
17-08-21 12:31:41.354 http-nio-9094-exec-8 TRACE o.h.t.d.sql.BasicBinder                        bind   64 binding parameter [9] as [VARCHAR] - [Deposit]
17-08-21 12:31:49.200 http-nio-9094-exec-1  INFO t.c.TransactionController                  withdraw  114 requesting Transaction service to withdraw the money
17-08-21 12:31:49.201 http-nio-9094-exec-1  INFO .s.TransactionServiceImpl                  withdraw   71 requesting the rule microservice to validate the withdrawal
17-08-21 12:31:49.287 http-nio-9094-exec-1  INFO .s.TransactionServiceImpl                  withdraw  104 permission granted for transaction, requesting Account microservice to proceed further
17-08-21 12:31:49.322 http-nio-9094-exec-1  INFO .s.TransactionServiceImpl                  withdraw  106 [Transaction status:] TransactionStatus(message=Money withdraw transaction successfull, sourceBalance=100.0, destinationBalance=50.0)
17-08-21 12:31:49.323 http-nio-9094-exec-1 DEBUG org.hibernate.SQL                      logStatement  144 select transactio0_.slno as slno1_0_, transactio0_.amount as amount2_0_, transactio0_.date_of_transaction as date_of_3_0_, transactio0_.destination_account_id as destinat4_0_, transactio0_.destination_balance as destinat5_0_, transactio0_.source_account_id as source_a6_0_, transactio0_.source_balance as source_b7_0_, transactio0_.transaction_id as transact8_0_, transactio0_.transaction_status as transact9_0_, transactio0_.transaction_type as transac10_0_ from transactions_history transactio0_
17-08-21 12:31:49.325 http-nio-9094-exec-1 TRACE o.h.t.d.s.BasicExtractor                    extract   60 extracted value ([slno1_0_] : [BIGINT]) - [1]
17-08-21 12:31:49.325 http-nio-9094-exec-1 TRACE o.h.t.d.s.BasicExtractor                    extract   60 extracted value ([amount2_0_] : [DOUBLE]) - [100.0]
17-08-21 12:31:49.326 http-nio-9094-exec-1 TRACE o.h.t.d.s.BasicExtractor                    extract   60 extracted value ([date_of_3_0_] : [TIMESTAMP]) - [2021-08-17 12:28:57.985]
17-08-21 12:31:49.327 http-nio-9094-exec-1 TRACE o.h.t.d.s.BasicExtractor                    extract   60 extracted value ([destinat4_0_] : [VARCHAR]) - [-]
17-08-21 12:31:49.328 http-nio-9094-exec-1 TRACE o.h.t.d.s.BasicExtractor                    extract   60 extracted value ([destinat5_0_] : [DOUBLE]) - [0.0]
17-08-21 12:31:49.329 http-nio-9094-exec-1 TRACE o.h.t.d.s.BasicExtractor                    extract   60 extracted value ([source_a6_0_] : [VARCHAR]) - [SBACS000000]
17-08-21 12:31:49.329 http-nio-9094-exec-1 TRACE o.h.t.d.s.BasicExtractor                    extract   60 extracted value ([source_b7_0_] : [DOUBLE]) - [0.0]
17-08-21 12:31:49.330 http-nio-9094-exec-1 TRACE o.h.t.d.s.BasicExtractor                    extract   60 extracted value ([transact8_0_] : [VARCHAR]) - [SBTR-000000-000001]
17-08-21 12:31:49.330 http-nio-9094-exec-1 TRACE o.h.t.d.s.BasicExtractor                    extract   60 extracted value ([transact9_0_] : [VARCHAR]) - [Unsuccessful]
17-08-21 12:31:49.331 http-nio-9094-exec-1 TRACE o.h.t.d.s.BasicExtractor                    extract   60 extracted value ([transac10_0_] : [VARCHAR]) - [Withdraw]
17-08-21 12:31:49.331 http-nio-9094-exec-1 TRACE o.h.t.d.s.BasicExtractor                    extract   60 extracted value ([slno1_0_] : [BIGINT]) - [2]
17-08-21 12:31:49.332 http-nio-9094-exec-1 TRACE o.h.t.d.s.BasicExtractor                    extract   60 extracted value ([amount2_0_] : [DOUBLE]) - [100.0]
17-08-21 12:31:49.332 http-nio-9094-exec-1 TRACE o.h.t.d.s.BasicExtractor                    extract   60 extracted value ([date_of_3_0_] : [TIMESTAMP]) - [2021-08-17 12:31:41.343]
17-08-21 12:31:49.333 http-nio-9094-exec-1 TRACE o.h.t.d.s.BasicExtractor                    extract   60 extracted value ([destinat4_0_] : [VARCHAR]) - [-]
17-08-21 12:31:49.334 http-nio-9094-exec-1 TRACE o.h.t.d.s.BasicExtractor                    extract   60 extracted value ([destinat5_0_] : [DOUBLE]) - [100.0]
17-08-21 12:31:49.335 http-nio-9094-exec-1 TRACE o.h.t.d.s.BasicExtractor                    extract   60 extracted value ([source_a6_0_] : [VARCHAR]) - [SBACS000000]
17-08-21 12:31:49.336 http-nio-9094-exec-1 TRACE o.h.t.d.s.BasicExtractor                    extract   60 extracted value ([source_b7_0_] : [DOUBLE]) - [0.0]
17-08-21 12:31:49.337 http-nio-9094-exec-1 TRACE o.h.t.d.s.BasicExtractor                    extract   60 extracted value ([transact8_0_] : [VARCHAR]) - [SBTR-000000-000002]
17-08-21 12:31:49.338 http-nio-9094-exec-1 TRACE o.h.t.d.s.BasicExtractor                    extract   60 extracted value ([transact9_0_] : [VARCHAR]) - [Successful]
17-08-21 12:31:49.338 http-nio-9094-exec-1 TRACE o.h.t.d.s.BasicExtractor                    extract   60 extracted value ([transac10_0_] : [VARCHAR]) - [Deposit]
17-08-21 12:31:49.339 http-nio-9094-exec-1 DEBUG org.hibernate.SQL                      logStatement  144 select max(transactio0_.slno) as col_0_0_ from transactions_history transactio0_
17-08-21 12:31:49.340 http-nio-9094-exec-1 TRACE o.h.t.d.s.BasicExtractor                    extract   60 extracted value ([col_0_0_] : [BIGINT]) - [2]
17-08-21 12:31:49.340 http-nio-9094-exec-1  INFO .s.TransactionServiceImpl                saveRecord  254 saving the record
17-08-21 12:31:49.340 http-nio-9094-exec-1  INFO .s.TransactionServiceImpl                saveRecord  273 [Transaction record details:] TransactionsHistory(id=0, transactionId=SBTR-000000-000003, transactionType=Withdraw, sourceAccountId=SBACS000000, destinationAccountId=-, amount=50.0, dateOfTransaction=Tue Aug 17 12:31:49 IST 2021, transactionStatus=Successful, sourceBalance=100.0, destinationBalance=50.0)
17-08-21 12:31:49.342 http-nio-9094-exec-1 DEBUG org.hibernate.SQL                      logStatement  144 insert into transactions_history (slno, amount, date_of_transaction, destination_account_id, destination_balance, source_account_id, source_balance, transaction_id, transaction_status, transaction_type) values (null, ?, ?, ?, ?, ?, ?, ?, ?, ?)
17-08-21 12:31:49.343 http-nio-9094-exec-1 TRACE o.h.t.d.sql.BasicBinder                        bind   64 binding parameter [1] as [DOUBLE] - [50.0]
17-08-21 12:31:49.344 http-nio-9094-exec-1 TRACE o.h.t.d.sql.BasicBinder                        bind   64 binding parameter [2] as [TIMESTAMP] - [Tue Aug 17 12:31:49 IST 2021]
17-08-21 12:31:49.344 http-nio-9094-exec-1 TRACE o.h.t.d.sql.BasicBinder                        bind   64 binding parameter [3] as [VARCHAR] - [-]
17-08-21 12:31:49.345 http-nio-9094-exec-1 TRACE o.h.t.d.sql.BasicBinder                        bind   64 binding parameter [4] as [DOUBLE] - [50.0]
17-08-21 12:31:49.346 http-nio-9094-exec-1 TRACE o.h.t.d.sql.BasicBinder                        bind   64 binding parameter [5] as [VARCHAR] - [SBACS000000]
17-08-21 12:31:49.346 http-nio-9094-exec-1 TRACE o.h.t.d.sql.BasicBinder                        bind   64 binding parameter [6] as [DOUBLE] - [100.0]
17-08-21 12:31:49.348 http-nio-9094-exec-1 TRACE o.h.t.d.sql.BasicBinder                        bind   64 binding parameter [7] as [VARCHAR] - [SBTR-000000-000003]
17-08-21 12:31:49.348 http-nio-9094-exec-1 TRACE o.h.t.d.sql.BasicBinder                        bind   64 binding parameter [8] as [VARCHAR] - [Successful]
17-08-21 12:31:49.349 http-nio-9094-exec-1 TRACE o.h.t.d.sql.BasicBinder                        bind   64 binding parameter [9] as [VARCHAR] - [Withdraw]
17-08-21 12:32:00.017 http-nio-9094-exec-3  INFO t.c.TransactionController           getTransactions  198 requesting Transaction service to fetch all transactions
17-08-21 12:32:00.018 http-nio-9094-exec-3  INFO .s.TransactionServiceImpl           getTransactions  172 validating details
17-08-21 12:32:00.048 http-nio-9094-exec-3  INFO .s.TransactionServiceImpl           getTransactions  176 account found! fetching the transaction history
17-08-21 12:32:00.076 http-nio-9094-exec-3 DEBUG org.hibernate.SQL                      logStatement  144 select transactio0_.slno as slno1_0_, transactio0_.amount as amount2_0_, transactio0_.date_of_transaction as date_of_3_0_, transactio0_.destination_account_id as destinat4_0_, transactio0_.destination_balance as destinat5_0_, transactio0_.source_account_id as source_a6_0_, transactio0_.source_balance as source_b7_0_, transactio0_.transaction_id as transact8_0_, transactio0_.transaction_status as transact9_0_, transactio0_.transaction_type as transac10_0_ from transactions_history transactio0_ where transactio0_.source_account_id=? or transactio0_.destination_account_id=?
17-08-21 12:32:00.079 http-nio-9094-exec-3 TRACE o.h.t.d.sql.BasicBinder                        bind   64 binding parameter [1] as [VARCHAR] - [SBACS000000]
17-08-21 12:32:00.079 http-nio-9094-exec-3 TRACE o.h.t.d.sql.BasicBinder                        bind   64 binding parameter [2] as [VARCHAR] - [SBACS000000]
17-08-21 12:32:00.080 http-nio-9094-exec-3 TRACE o.h.t.d.s.BasicExtractor                    extract   60 extracted value ([slno1_0_] : [BIGINT]) - [1]
17-08-21 12:32:00.080 http-nio-9094-exec-3 TRACE o.h.t.d.s.BasicExtractor                    extract   60 extracted value ([amount2_0_] : [DOUBLE]) - [100.0]
17-08-21 12:32:00.080 http-nio-9094-exec-3 TRACE o.h.t.d.s.BasicExtractor                    extract   60 extracted value ([date_of_3_0_] : [TIMESTAMP]) - [2021-08-17 12:28:57.985]
17-08-21 12:32:00.081 http-nio-9094-exec-3 TRACE o.h.t.d.s.BasicExtractor                    extract   60 extracted value ([destinat4_0_] : [VARCHAR]) - [-]
17-08-21 12:32:00.081 http-nio-9094-exec-3 TRACE o.h.t.d.s.BasicExtractor                    extract   60 extracted value ([destinat5_0_] : [DOUBLE]) - [0.0]
17-08-21 12:32:00.082 http-nio-9094-exec-3 TRACE o.h.t.d.s.BasicExtractor                    extract   60 extracted value ([source_a6_0_] : [VARCHAR]) - [SBACS000000]
17-08-21 12:32:00.082 http-nio-9094-exec-3 TRACE o.h.t.d.s.BasicExtractor                    extract   60 extracted value ([source_b7_0_] : [DOUBLE]) - [0.0]
17-08-21 12:32:00.082 http-nio-9094-exec-3 TRACE o.h.t.d.s.BasicExtractor                    extract   60 extracted value ([transact8_0_] : [VARCHAR]) - [SBTR-000000-000001]
17-08-21 12:32:00.083 http-nio-9094-exec-3 TRACE o.h.t.d.s.BasicExtractor                    extract   60 extracted value ([transact9_0_] : [VARCHAR]) - [Unsuccessful]
17-08-21 12:32:00.083 http-nio-9094-exec-3 TRACE o.h.t.d.s.BasicExtractor                    extract   60 extracted value ([transac10_0_] : [VARCHAR]) - [Withdraw]
17-08-21 12:32:00.084 http-nio-9094-exec-3 TRACE o.h.t.d.s.BasicExtractor                    extract   60 extracted value ([slno1_0_] : [BIGINT]) - [2]
17-08-21 12:32:00.084 http-nio-9094-exec-3 TRACE o.h.t.d.s.BasicExtractor                    extract   60 extracted value ([amount2_0_] : [DOUBLE]) - [100.0]
17-08-21 12:32:00.084 http-nio-9094-exec-3 TRACE o.h.t.d.s.BasicExtractor                    extract   60 extracted value ([date_of_3_0_] : [TIMESTAMP]) - [2021-08-17 12:31:41.343]
17-08-21 12:32:00.085 http-nio-9094-exec-3 TRACE o.h.t.d.s.BasicExtractor                    extract   60 extracted value ([destinat4_0_] : [VARCHAR]) - [-]
17-08-21 12:32:00.085 http-nio-9094-exec-3 TRACE o.h.t.d.s.BasicExtractor                    extract   60 extracted value ([destinat5_0_] : [DOUBLE]) - [100.0]
17-08-21 12:32:00.085 http-nio-9094-exec-3 TRACE o.h.t.d.s.BasicExtractor                    extract   60 extracted value ([source_a6_0_] : [VARCHAR]) - [SBACS000000]
17-08-21 12:32:00.086 http-nio-9094-exec-3 TRACE o.h.t.d.s.BasicExtractor                    extract   60 extracted value ([source_b7_0_] : [DOUBLE]) - [0.0]
17-08-21 12:32:00.086 http-nio-9094-exec-3 TRACE o.h.t.d.s.BasicExtractor                    extract   60 extracted value ([transact8_0_] : [VARCHAR]) - [SBTR-000000-000002]
17-08-21 12:32:00.087 http-nio-9094-exec-3 TRACE o.h.t.d.s.BasicExtractor                    extract   60 extracted value ([transact9_0_] : [VARCHAR]) - [Successful]
17-08-21 12:32:00.089 http-nio-9094-exec-3 TRACE o.h.t.d.s.BasicExtractor                    extract   60 extracted value ([transac10_0_] : [VARCHAR]) - [Deposit]
17-08-21 12:32:00.089 http-nio-9094-exec-3 TRACE o.h.t.d.s.BasicExtractor                    extract   60 extracted value ([slno1_0_] : [BIGINT]) - [3]
17-08-21 12:32:00.090 http-nio-9094-exec-3 TRACE o.h.t.d.s.BasicExtractor                    extract   60 extracted value ([amount2_0_] : [DOUBLE]) - [50.0]
17-08-21 12:32:00.090 http-nio-9094-exec-3 TRACE o.h.t.d.s.BasicExtractor                    extract   60 extracted value ([date_of_3_0_] : [TIMESTAMP]) - [2021-08-17 12:31:49.34]
17-08-21 12:32:00.091 http-nio-9094-exec-3 TRACE o.h.t.d.s.BasicExtractor                    extract   60 extracted value ([destinat4_0_] : [VARCHAR]) - [-]
17-08-21 12:32:00.091 http-nio-9094-exec-3 TRACE o.h.t.d.s.BasicExtractor                    extract   60 extracted value ([destinat5_0_] : [DOUBLE]) - [50.0]
17-08-21 12:32:00.092 http-nio-9094-exec-3 TRACE o.h.t.d.s.BasicExtractor                    extract   60 extracted value ([source_a6_0_] : [VARCHAR]) - [SBACS000000]
17-08-21 12:32:00.092 http-nio-9094-exec-3 TRACE o.h.t.d.s.BasicExtractor                    extract   60 extracted value ([source_b7_0_] : [DOUBLE]) - [100.0]
17-08-21 12:32:00.092 http-nio-9094-exec-3 TRACE o.h.t.d.s.BasicExtractor                    extract   60 extracted value ([transact8_0_] : [VARCHAR]) - [SBTR-000000-000003]
17-08-21 12:32:00.093 http-nio-9094-exec-3 TRACE o.h.t.d.s.BasicExtractor                    extract   60 extracted value ([transact9_0_] : [VARCHAR]) - [Successful]
17-08-21 12:32:00.093 http-nio-9094-exec-3 TRACE o.h.t.d.s.BasicExtractor                    extract   60 extracted value ([transac10_0_] : [VARCHAR]) - [Withdraw]
17-08-21 12:32:00.097 http-nio-9094-exec-3  INFO .s.TransactionServiceImpl           getTransactions  191 [Transactions history details:] [TransactionsHistory(id=1, transactionId=SBTR-000000-000001, transactionType=Withdraw, sourceAccountId=SBACS000000, destinationAccountId=-, amount=100.0, dateOfTransaction=2021-08-17 12:28:57.985, transactionStatus=Unsuccessful, sourceBalance=0.0, destinationBalance=0.0), TransactionsHistory(id=2, transactionId=SBTR-000000-000002, transactionType=Deposit, sourceAccountId=SBACS000000, destinationAccountId=-, amount=100.0, dateOfTransaction=2021-08-17 12:31:41.343, transactionStatus=Successful, sourceBalance=0.0, destinationBalance=100.0), TransactionsHistory(id=3, transactionId=SBTR-000000-000003, transactionType=Withdraw, sourceAccountId=SBACS000000, destinationAccountId=-, amount=50.0, dateOfTransaction=2021-08-17 12:31:49.34, transactionStatus=Successful, sourceBalance=100.0, destinationBalance=50.0)]
17-08-21 12:40:07.694 http-nio-9094-exec-5  INFO t.c.TransactionController         getServiceCharges  237 requesting transaction service to fetch the service charges
17-08-21 12:40:07.713 http-nio-9094-exec-5  INFO .s.TransactionServiceImpl         getServiceCharges  198 requesting Rule Microservice to get service charges
17-08-21 13:10:38.801 main                  INFO TransactionControllerTest               logStarting   55 Starting TransactionControllerTest using Java 1.8.0_291 on LAPTOP-AIR63DJ5 with PID 29260 (started by tejat in E:\MFPE\Back-end\transaction-ms)
17-08-21 13:10:38.804 main                  INFO TransactionControllerTest     logStartupProfileInfo  659 No active profile set, falling back to default profiles: default
17-08-21 13:10:44.085 main                  INFO TransactionControllerTest                logStarted   61 Started TransactionControllerTest in 7.622 seconds (JVM running for 9.925)
17-08-21 13:10:44.707 main                 ERROR t.c.TransactionController                  withdraw  119 Only customer can access this resource
17-08-21 13:10:45.050 main                  INFO t.c.TransactionController           getTransactions  198 requesting Transaction service to fetch all transactions
17-08-21 13:10:45.215 main                 ERROR t.c.TransactionController           getTransactions  203 Only customer can access this resource
17-08-21 13:10:45.246 main                 ERROR t.c.TransactionController         getServiceCharges  242 Only customer can access this resource
17-08-21 13:10:45.279 main                 ERROR t.c.TransactionController                  withdraw  102 JWT required for validating the access to this resource
17-08-21 13:10:45.311 main                 ERROR t.c.TransactionController                  transfer  163 Only customer can access this resource
17-08-21 13:10:45.338 main                 ERROR t.c.TransactionController           getTransactions  186 JWT required for validating the access to this resource
17-08-21 13:10:45.363 main                  INFO t.c.TransactionController         getServiceCharges  237 requesting transaction service to fetch the service charges
17-08-21 13:10:45.401 main                  INFO t.c.TransactionController                   deposit   74 requesting Transaction service to deposit the money
17-08-21 13:10:45.446 main                  INFO t.c.TransactionController                  withdraw  114 requesting Transaction service to withdraw the money
17-08-21 13:10:45.490 main                  INFO t.c.TransactionController                  transfer  156 requesting Transaction service to transfer the money
17-08-21 13:10:45.526 main                 ERROR t.c.TransactionController         getServiceCharges  226 JWT required for validating the access to this resource
17-08-21 13:10:45.563 main                 ERROR t.c.TransactionController                   deposit   63 JWT required for validating the access to this resource
17-08-21 13:10:45.616 main                 ERROR t.c.TransactionController                   deposit   79 Only customer can access this resource
17-08-21 13:10:45.659 main                 ERROR t.c.TransactionController                  transfer  144 JWT required for validating the access to this resource
17-08-21 13:11:11.781 main                  INFO ransactionServiceImplTest               logStarting   55 Starting TransactionServiceImplTest using Java 1.8.0_291 on LAPTOP-AIR63DJ5 with PID 29256 (started by tejat in E:\MFPE\Back-end\transaction-ms)
17-08-21 13:11:11.785 main                  INFO ransactionServiceImplTest     logStartupProfileInfo  659 No active profile set, falling back to default profiles: default
17-08-21 13:11:16.571 main                  INFO c.z.h.HikariDataSource                getConnection  110 HikariPool-1 - Starting...
17-08-21 13:11:17.326 main                  INFO c.z.h.HikariDataSource                getConnection  123 HikariPool-1 - Start completed.
17-08-21 13:11:20.956 main                 DEBUG org.hibernate.SQL                      logStatement  144 drop table if exists transactions_history CASCADE 
17-08-21 13:11:20.965 main                 DEBUG org.hibernate.SQL                      logStatement  144 create table transactions_history (slno bigint generated by default as identity, amount double not null, date_of_transaction timestamp, destination_account_id varchar(255), destination_balance double not null, source_account_id varchar(255), source_balance double not null, transaction_id varchar(255), transaction_status varchar(255), transaction_type varchar(255), primary key (slno))
17-08-21 13:11:25.386 main                  INFO uestMappingHandlerMapping        initHandlerMethods   69 Mapped URL path [/v2/api-docs] onto method [springfox.documentation.swagger2.web.Swagger2Controller#getDocumentation(String, HttpServletRequest)]
17-08-21 13:11:29.557 main                  INFO tationPluginsBootstrapper                     start  160 Context refreshed
17-08-21 13:11:29.626 main                  INFO tationPluginsBootstrapper                     start  163 Found 1 custom documentation plugin(s)
17-08-21 13:11:29.717 main                  INFO piListingReferenceScanner                      scan   41 Scanning for api listing references
17-08-21 13:11:30.364 main                  INFO ransactionServiceImplTest                logStarted   61 Started TransactionServiceImplTest in 20.842 seconds (JVM running for 23.272)
17-08-21 13:11:31.198 main                  INFO .s.TransactionServiceImpl                  withdraw   71 requesting the rule microservice to validate the withdrawal
17-08-21 13:11:31.209 main                  INFO .s.TransactionServiceImpl                  withdraw  104 permission granted for transaction, requesting Account microservice to proceed further
17-08-21 13:11:31.214 main                  INFO .s.TransactionServiceImpl                  withdraw  106 [Transaction status:] TransactionStatus(message=Money withdraw transaction successful, sourceBalance=2000.0, destinationBalance=1000.0)
17-08-21 13:11:31.216 main                  INFO .s.TransactionServiceImpl                saveRecord  254 saving the record
17-08-21 13:11:31.219 main                  INFO .s.TransactionServiceImpl                saveRecord  273 [Transaction record details:] TransactionsHistory(id=0, transactionId=SBTR-000001-000001, transactionType=Withdraw, sourceAccountId=SBACS000001, destinationAccountId=-, amount=1000.0, dateOfTransaction=Tue Aug 17 13:11:31 IST 2021, transactionStatus=Successful, sourceBalance=2000.0, destinationBalance=1000.0)
17-08-21 13:11:31.282 main                  INFO .s.TransactionServiceImpl           getTransactions  172 validating details
17-08-21 13:11:31.285 main                  INFO .s.TransactionServiceImpl           getTransactions  176 account found! fetching the transaction history
17-08-21 13:11:31.288 main                  INFO .s.TransactionServiceImpl           getTransactions  191 [Transactions history details:] []
17-08-21 13:11:31.320 main                  INFO .s.TransactionServiceImpl         getServiceCharges  198 requesting Rule Microservice to get service charges
17-08-21 13:11:31.361 main                  INFO .s.TransactionServiceImpl                   deposit   52 requesting account microservice to deposit the money
17-08-21 13:11:31.362 main                 ERROR .s.TransactionServiceImpl                   deposit   56 Amount should be greater than 0
17-08-21 13:11:31.390 main                  INFO .s.TransactionServiceImpl                  transfer  117 requesting the rule microservice to validate the transfer
17-08-21 13:11:31.393 main                 ERROR .s.TransactionServiceImpl                  transfer  127 Both source and destination IDs should not be same
17-08-21 13:11:31.447 main                  INFO .s.TransactionServiceImpl                   deposit   52 requesting account microservice to deposit the money
17-08-21 13:11:31.450 main                  INFO .s.TransactionServiceImpl                   deposit   62 [Transaction status:] TransactionStatus(message=Money deposit transaction successful, sourceBalance=0.0, destinationBalance=1000.0)
17-08-21 13:11:31.451 main                  INFO .s.TransactionServiceImpl                saveRecord  254 saving the record
17-08-21 13:11:31.453 main                  INFO .s.TransactionServiceImpl                saveRecord  273 [Transaction record details:] TransactionsHistory(id=0, transactionId=SBTR-000001-000001, transactionType=Deposit, sourceAccountId=SBACS000001, destinationAccountId=-, amount=1000.0, dateOfTransaction=Tue Aug 17 13:11:31 IST 2021, transactionStatus=Successful, sourceBalance=0.0, destinationBalance=1000.0)
17-08-21 13:11:31.485 main                  INFO .s.TransactionServiceImpl           getTransactions  172 validating details
17-08-21 13:11:31.486 main                  INFO .s.TransactionServiceImpl           getTransactions  176 account found! fetching the transaction history
17-08-21 13:11:31.487 main                  INFO .s.TransactionServiceImpl           getTransactions  191 [Transactions history details:] [TransactionsHistory(id=1, transactionId=SBTR-00001-00001, transactionType=Transfer - Sent, sourceAccountId=SBACS000001, destinationAccountId=SBACS000002, amount=1000.0, dateOfTransaction=Tue Aug 17 13:11:31 IST 2021, transactionStatus=Successful, sourceBalance=2000.0, destinationBalance=1000.0), TransactionsHistory(id=2, transactionId=SBTR-00002-00002, transactionType=Transfer - Received, sourceAccountId=SBACS000002, destinationAccountId=SBACS000001, amount=1000.0, dateOfTransaction=Tue Aug 17 13:11:31 IST 2021, transactionStatus=Successful, sourceBalance=1000.0, destinationBalance=2000.0), TransactionsHistory(id=3, transactionId=SBTR-00001-00003, transactionType=Transfer - Unsent, sourceAccountId=SBACS000001, destinationAccountId=SBACS000002, amount=3000.0, dateOfTransaction=Tue Aug 17 13:11:31 IST 2021, transactionStatus=Unsuccessful, sourceBalance=2000.0, destinationBalance=2000.0)]
17-08-21 13:11:31.513 main                  INFO .s.TransactionServiceImpl                  withdraw   71 requesting the rule microservice to validate the withdrawal
17-08-21 13:11:31.516 main                 ERROR .s.TransactionServiceImpl                  withdraw   75 Amount should be greater than 0
17-08-21 13:11:31.542 main                  INFO .s.TransactionServiceImpl           getTransactions  172 validating details
17-08-21 13:11:31.543 main                  INFO .s.TransactionServiceImpl           getTransactions  176 account found! fetching the transaction history
17-08-21 13:11:31.546 main                  INFO .s.TransactionServiceImpl           getTransactions  191 [Transactions history details:] [TransactionsHistory(id=1, transactionId=SBTR-00001-00001, transactionType=Deposit, sourceAccountId=SBACS000001, destinationAccountId=-, amount=1000.0, dateOfTransaction=Tue Aug 17 13:11:31 IST 2021, transactionStatus=Successful, sourceBalance=0.0, destinationBalance=1000.0), TransactionsHistory(id=2, transactionId=SBTR-00001-00002, transactionType=Withdraw, sourceAccountId=SBACS000001, destinationAccountId=-, amount=1000.0, dateOfTransaction=Tue Aug 17 13:11:31 IST 2021, transactionStatus=Successful, sourceBalance=1000.0, destinationBalance=0.0)]
17-08-21 13:11:31.575 main                  INFO .s.TransactionServiceImpl                  transfer  117 requesting the rule microservice to validate the transfer
17-08-21 13:11:31.576 main                 ERROR .s.TransactionServiceImpl                  transfer  121 Amount should be greater than 0
17-08-21 13:11:31.590 main                  INFO .s.TransactionServiceImpl                   deposit   52 requesting account microservice to deposit the money
17-08-21 13:11:31.591 main                 ERROR .s.TransactionServiceImpl                   deposit   56 Amount should be greater than 0
17-08-21 13:11:31.612 main                  INFO .s.TransactionServiceImpl                  transfer  117 requesting the rule microservice to validate the transfer
17-08-21 13:11:31.613 main                  INFO .s.TransactionServiceImpl                  transfer  140 permission denied for transaction, not enough balance
17-08-21 13:11:31.614 main                  INFO .s.TransactionServiceImpl                  transfer  145 [Transaction status:] TransactionStatus(message=Denied, sourceBalance=0.0, destinationBalance=0.0)
17-08-21 13:11:31.615 main                  INFO .s.TransactionServiceImpl                saveRecord  254 saving the record
17-08-21 13:11:31.615 main                  INFO .s.TransactionServiceImpl                saveRecord  273 [Transaction record details:] TransactionsHistory(id=0, transactionId=SBTR-000001-000001, transactionType=Transfer - Unsent, sourceAccountId=SBACS000001, destinationAccountId=SBACS000002, amount=1000.0, dateOfTransaction=Tue Aug 17 13:11:31 IST 2021, transactionStatus=Unsuccessful, sourceBalance=0.0, destinationBalance=0.0)
17-08-21 13:11:31.616 main                 ERROR .s.TransactionServiceImpl                  transfer  147 Not enough balance to proceed with this transaction
17-08-21 13:11:31.631 main                  INFO .s.TransactionServiceImpl                  transfer  117 requesting the rule microservice to validate the transfer
17-08-21 13:11:31.632 main                  INFO .s.TransactionServiceImpl                  transfer  154 permission granted for transaction, requesting Account microservice to proceed further
17-08-21 13:11:31.633 main                  INFO .s.TransactionServiceImpl                  transfer  157 [Source Transaction status:] TransactionStatus(message=Money Tranfer transaction successful, sourceBalance=2000.0, destinationBalance=1000.0)
17-08-21 13:11:31.634 main                  INFO .s.TransactionServiceImpl                  transfer  158 [Destination Transaction status:] TransactionStatus(message=Money deposit transaction successful, sourceBalance=0.0, destinationBalance=1000.0)
17-08-21 13:11:31.635 main                  INFO .s.TransactionServiceImpl                saveRecord  254 saving the record
17-08-21 13:11:31.636 main                  INFO .s.TransactionServiceImpl                saveRecord  273 [Transaction record details:] TransactionsHistory(id=0, transactionId=SBTR-000001-000001, transactionType=Transfer - Sent, sourceAccountId=SBACS000001, destinationAccountId=SBACS000002, amount=1000.0, dateOfTransaction=Tue Aug 17 13:11:31 IST 2021, transactionStatus=Successful, sourceBalance=2000.0, destinationBalance=1000.0)
17-08-21 13:11:31.636 main                  INFO .s.TransactionServiceImpl                saveRecord  254 saving the record
17-08-21 13:11:31.637 main                  INFO .s.TransactionServiceImpl                saveRecord  273 [Transaction record details:] TransactionsHistory(id=0, transactionId=SBTR-000002-000001, transactionType=Transfer - Received, sourceAccountId=SBACS000001, destinationAccountId=SBACS000002, amount=1000.0, dateOfTransaction=Tue Aug 17 13:11:31 IST 2021, transactionStatus=Successful, sourceBalance=0.0, destinationBalance=1000.0)
17-08-21 13:11:31.649 main                  INFO .s.TransactionServiceImpl                  withdraw   71 requesting the rule microservice to validate the withdrawal
17-08-21 13:11:31.650 main                  INFO .s.TransactionServiceImpl                  withdraw   88 permission denied for transaction, not enough balance
17-08-21 13:11:31.651 main                  INFO .s.TransactionServiceImpl                  withdraw   93 [Transaction status:] TransactionStatus(message=Denied, sourceBalance=0.0, destinationBalance=0.0)
17-08-21 13:11:31.651 main                  INFO .s.TransactionServiceImpl                saveRecord  254 saving the record
17-08-21 13:11:31.652 main                  INFO .s.TransactionServiceImpl                saveRecord  273 [Transaction record details:] TransactionsHistory(id=0, transactionId=SBTR-000001-000001, transactionType=Withdraw, sourceAccountId=SBACS000001, destinationAccountId=-, amount=1000.0, dateOfTransaction=Tue Aug 17 13:11:31 IST 2021, transactionStatus=Unsuccessful, sourceBalance=0.0, destinationBalance=0.0)
17-08-21 13:11:31.652 main                 ERROR .s.TransactionServiceImpl                  withdraw   97 Not enough balance to proceed with this transaction
17-08-21 13:11:31.666 main                  INFO .s.TransactionServiceImpl                  transfer  117 requesting the rule microservice to validate the transfer
17-08-21 13:11:31.667 main                 ERROR .s.TransactionServiceImpl                  transfer  121 Amount should be greater than 0
17-08-21 13:11:31.684 main                  INFO .s.TransactionServiceImpl                  withdraw   71 requesting the rule microservice to validate the withdrawal
17-08-21 13:11:31.685 main                 ERROR .s.TransactionServiceImpl                  withdraw   75 Amount should be greater than 0
17-08-21 13:11:31.700 main                  INFO .s.TransactionServiceImpl                   deposit   52 requesting account microservice to deposit the money
17-08-21 13:11:31.702 main                  INFO .s.TransactionServiceImpl                   deposit   62 [Transaction status:] TransactionStatus(message=Money deposit transaction successful, sourceBalance=1000.0, destinationBalance=2000.0)
17-08-21 13:11:31.703 main                  INFO .s.TransactionServiceImpl                saveRecord  254 saving the record
17-08-21 13:11:31.704 main                  INFO .s.TransactionServiceImpl                saveRecord  273 [Transaction record details:] TransactionsHistory(id=0, transactionId=SBTR-000001-000003, transactionType=Deposit, sourceAccountId=SBACS000001, destinationAccountId=-, amount=1000.0, dateOfTransaction=Tue Aug 17 13:11:31 IST 2021, transactionStatus=Successful, sourceBalance=1000.0, destinationBalance=2000.0)
17-08-21 13:11:31.748 licationShutdownHook DEBUG org.hibernate.SQL                      logStatement  144 drop table if exists transactions_history CASCADE 
17-08-21 13:11:31.799 licationShutdownHook  INFO c.z.h.HikariDataSource                        close  350 HikariPool-1 - Shutdown initiated...
17-08-21 13:11:31.814 licationShutdownHook  INFO c.z.h.HikariDataSource                        close  352 HikariPool-1 - Shutdown completed.
17-08-21 14:59:31.075 main                  INFO TransactionControllerTest               logStarting   55 Starting TransactionControllerTest using Java 1.8.0_291 on LAPTOP-AIR63DJ5 with PID 28148 (started by tejat in E:\MFPE\Back-end\transaction-ms)
17-08-21 14:59:31.079 main                  INFO TransactionControllerTest     logStartupProfileInfo  659 No active profile set, falling back to default profiles: default
17-08-21 14:59:36.265 main                  INFO TransactionControllerTest                logStarted   61 Started TransactionControllerTest in 7.967 seconds (JVM running for 10.526)
17-08-21 14:59:36.639 main                 ERROR t.c.TransactionController                  withdraw  119 Only customer can access this resource
17-08-21 14:59:36.935 main                  INFO t.c.TransactionController           getTransactions  198 requesting Transaction service to fetch all transactions
17-08-21 14:59:37.108 main                 ERROR t.c.TransactionController           getTransactions  203 Only customer can access this resource
17-08-21 14:59:37.142 main                 ERROR t.c.TransactionController         getServiceCharges  242 Only customer can access this resource
17-08-21 14:59:37.171 main                 ERROR t.c.TransactionController                  withdraw  102 JWT required for validating the access to this resource
17-08-21 14:59:37.199 main                 ERROR t.c.TransactionController                  transfer  163 Only customer can access this resource
17-08-21 14:59:37.224 main                 ERROR t.c.TransactionController           getTransactions  186 JWT required for validating the access to this resource
17-08-21 14:59:37.244 main                  INFO t.c.TransactionController         getServiceCharges  237 requesting transaction service to fetch the service charges
17-08-21 14:59:37.266 main                  INFO t.c.TransactionController                   deposit   74 requesting Transaction service to deposit the money
17-08-21 14:59:37.285 main                  INFO t.c.TransactionController                  withdraw  114 requesting Transaction service to withdraw the money
17-08-21 14:59:37.303 main                  INFO t.c.TransactionController                  transfer  156 requesting Transaction service to transfer the money
17-08-21 14:59:37.323 main                 ERROR t.c.TransactionController         getServiceCharges  226 JWT required for validating the access to this resource
17-08-21 14:59:37.341 main                 ERROR t.c.TransactionController                   deposit   63 JWT required for validating the access to this resource
17-08-21 14:59:37.359 main                 ERROR t.c.TransactionController                   deposit   79 Only customer can access this resource
17-08-21 14:59:37.377 main                 ERROR t.c.TransactionController                  transfer  144 JWT required for validating the access to this resource
17-08-21 14:59:39.312 main                  INFO sactionMsApplicationTests               logStarting   55 Starting TransactionMsApplicationTests using Java 1.8.0_291 on LAPTOP-AIR63DJ5 with PID 28148 (started by tejat in E:\MFPE\Back-end\transaction-ms)
17-08-21 14:59:39.313 main                  INFO sactionMsApplicationTests     logStartupProfileInfo  659 No active profile set, falling back to default profiles: default
17-08-21 14:59:41.719 main                  INFO c.z.h.HikariDataSource                getConnection  110 HikariPool-1 - Starting...
17-08-21 14:59:42.200 main                  INFO c.z.h.HikariDataSource                getConnection  123 HikariPool-1 - Start completed.
17-08-21 14:59:44.602 main                 DEBUG org.hibernate.SQL                      logStatement  144 drop table if exists transactions_history CASCADE 
17-08-21 14:59:44.619 main                 DEBUG org.hibernate.SQL                      logStatement  144 create table transactions_history (slno bigint generated by default as identity, amount double not null, date_of_transaction timestamp, destination_account_id varchar(255), destination_balance double not null, source_account_id varchar(255), source_balance double not null, transaction_id varchar(255), transaction_status varchar(255), transaction_type varchar(255), primary key (slno))
17-08-21 14:59:47.573 main                  INFO uestMappingHandlerMapping        initHandlerMethods   69 Mapped URL path [/v2/api-docs] onto method [springfox.documentation.swagger2.web.Swagger2Controller#getDocumentation(String, HttpServletRequest)]
17-08-21 14:59:50.533 main                  INFO tationPluginsBootstrapper                     start  160 Context refreshed
17-08-21 14:59:50.621 main                  INFO tationPluginsBootstrapper                     start  163 Found 1 custom documentation plugin(s)
17-08-21 14:59:50.695 main                  INFO piListingReferenceScanner                      scan   41 Scanning for api listing references
17-08-21 14:59:50.978 main                  INFO sactionMsApplicationTests                logStarted   61 Started TransactionMsApplicationTests in 13.554 seconds (JVM running for 25.239)
17-08-21 14:59:51.215 main                  INFO .s.TransactionServiceImpl                  withdraw   71 requesting the rule microservice to validate the withdrawal
17-08-21 14:59:51.216 main                  INFO .s.TransactionServiceImpl                  withdraw  104 permission granted for transaction, requesting Account microservice to proceed further
17-08-21 14:59:51.217 main                  INFO .s.TransactionServiceImpl                  withdraw  106 [Transaction status:] TransactionStatus(message=Money withdraw transaction successful, sourceBalance=2000.0, destinationBalance=1000.0)
17-08-21 14:59:51.218 main                  INFO .s.TransactionServiceImpl                saveRecord  254 saving the record
17-08-21 14:59:51.220 main                  INFO .s.TransactionServiceImpl                saveRecord  273 [Transaction record details:] TransactionsHistory(id=0, transactionId=SBTR-000001-000001, transactionType=Withdraw, sourceAccountId=SBACS000001, destinationAccountId=-, amount=1000.0, dateOfTransaction=Tue Aug 17 14:59:51 IST 2021, transactionStatus=Successful, sourceBalance=2000.0, destinationBalance=1000.0)
17-08-21 14:59:51.235 main                  INFO .s.TransactionServiceImpl           getTransactions  172 validating details
17-08-21 14:59:51.237 main                  INFO .s.TransactionServiceImpl           getTransactions  176 account found! fetching the transaction history
17-08-21 14:59:51.238 main                  INFO .s.TransactionServiceImpl           getTransactions  191 [Transactions history details:] []
17-08-21 14:59:51.250 main                  INFO .s.TransactionServiceImpl         getServiceCharges  198 requesting Rule Microservice to get service charges
17-08-21 14:59:51.263 main                  INFO .s.TransactionServiceImpl                   deposit   52 requesting account microservice to deposit the money
17-08-21 14:59:51.264 main                 ERROR .s.TransactionServiceImpl                   deposit   56 Amount should be greater than 0
17-08-21 14:59:51.276 main                  INFO .s.TransactionServiceImpl                  transfer  117 requesting the rule microservice to validate the transfer
17-08-21 14:59:51.277 main                 ERROR .s.TransactionServiceImpl                  transfer  127 Both source and destination IDs should not be same
17-08-21 14:59:51.289 main                  INFO .s.TransactionServiceImpl                   deposit   52 requesting account microservice to deposit the money
17-08-21 14:59:51.290 main                  INFO .s.TransactionServiceImpl                   deposit   62 [Transaction status:] TransactionStatus(message=Money deposit transaction successful, sourceBalance=0.0, destinationBalance=1000.0)
17-08-21 14:59:51.290 main                  INFO .s.TransactionServiceImpl                saveRecord  254 saving the record
17-08-21 14:59:51.291 main                  INFO .s.TransactionServiceImpl                saveRecord  273 [Transaction record details:] TransactionsHistory(id=0, transactionId=SBTR-000001-000001, transactionType=Deposit, sourceAccountId=SBACS000001, destinationAccountId=-, amount=1000.0, dateOfTransaction=Tue Aug 17 14:59:51 IST 2021, transactionStatus=Successful, sourceBalance=0.0, destinationBalance=1000.0)
17-08-21 14:59:51.305 main                  INFO .s.TransactionServiceImpl           getTransactions  172 validating details
17-08-21 14:59:51.306 main                  INFO .s.TransactionServiceImpl           getTransactions  176 account found! fetching the transaction history
17-08-21 14:59:51.307 main                  INFO .s.TransactionServiceImpl           getTransactions  191 [Transactions history details:] [TransactionsHistory(id=1, transactionId=SBTR-00001-00001, transactionType=Transfer - Sent, sourceAccountId=SBACS000001, destinationAccountId=SBACS000002, amount=1000.0, dateOfTransaction=Tue Aug 17 14:59:51 IST 2021, transactionStatus=Successful, sourceBalance=2000.0, destinationBalance=1000.0), TransactionsHistory(id=2, transactionId=SBTR-00002-00002, transactionType=Transfer - Received, sourceAccountId=SBACS000002, destinationAccountId=SBACS000001, amount=1000.0, dateOfTransaction=Tue Aug 17 14:59:51 IST 2021, transactionStatus=Successful, sourceBalance=1000.0, destinationBalance=2000.0), TransactionsHistory(id=3, transactionId=SBTR-00001-00003, transactionType=Transfer - Unsent, sourceAccountId=SBACS000001, destinationAccountId=SBACS000002, amount=3000.0, dateOfTransaction=Tue Aug 17 14:59:51 IST 2021, transactionStatus=Unsuccessful, sourceBalance=2000.0, destinationBalance=2000.0)]
17-08-21 14:59:51.321 main                  INFO .s.TransactionServiceImpl                  withdraw   71 requesting the rule microservice to validate the withdrawal
17-08-21 14:59:51.322 main                 ERROR .s.TransactionServiceImpl                  withdraw   75 Amount should be greater than 0
17-08-21 14:59:51.338 main                  INFO .s.TransactionServiceImpl           getTransactions  172 validating details
17-08-21 14:59:51.339 main                  INFO .s.TransactionServiceImpl           getTransactions  176 account found! fetching the transaction history
17-08-21 14:59:51.339 main                  INFO .s.TransactionServiceImpl           getTransactions  191 [Transactions history details:] [TransactionsHistory(id=1, transactionId=SBTR-00001-00001, transactionType=Deposit, sourceAccountId=SBACS000001, destinationAccountId=-, amount=1000.0, dateOfTransaction=Tue Aug 17 14:59:51 IST 2021, transactionStatus=Successful, sourceBalance=0.0, destinationBalance=1000.0), TransactionsHistory(id=2, transactionId=SBTR-00001-00002, transactionType=Withdraw, sourceAccountId=SBACS000001, destinationAccountId=-, amount=1000.0, dateOfTransaction=Tue Aug 17 14:59:51 IST 2021, transactionStatus=Successful, sourceBalance=1000.0, destinationBalance=0.0)]
17-08-21 14:59:51.352 main                  INFO .s.TransactionServiceImpl                  transfer  117 requesting the rule microservice to validate the transfer
17-08-21 14:59:51.353 main                 ERROR .s.TransactionServiceImpl                  transfer  121 Amount should be greater than 0
17-08-21 14:59:51.366 main                  INFO .s.TransactionServiceImpl                   deposit   52 requesting account microservice to deposit the money
17-08-21 14:59:51.367 main                 ERROR .s.TransactionServiceImpl                   deposit   56 Amount should be greater than 0
17-08-21 14:59:51.381 main                  INFO .s.TransactionServiceImpl                  transfer  117 requesting the rule microservice to validate the transfer
17-08-21 14:59:51.382 main                  INFO .s.TransactionServiceImpl                  transfer  140 permission denied for transaction, not enough balance
17-08-21 14:59:51.382 main                  INFO .s.TransactionServiceImpl                  transfer  145 [Transaction status:] TransactionStatus(message=Denied, sourceBalance=0.0, destinationBalance=0.0)
17-08-21 14:59:51.383 main                  INFO .s.TransactionServiceImpl                saveRecord  254 saving the record
17-08-21 14:59:51.383 main                  INFO .s.TransactionServiceImpl                saveRecord  273 [Transaction record details:] TransactionsHistory(id=0, transactionId=SBTR-000001-000001, transactionType=Transfer - Unsent, sourceAccountId=SBACS000001, destinationAccountId=SBACS000002, amount=1000.0, dateOfTransaction=Tue Aug 17 14:59:51 IST 2021, transactionStatus=Unsuccessful, sourceBalance=0.0, destinationBalance=0.0)
17-08-21 14:59:51.384 main                 ERROR .s.TransactionServiceImpl                  transfer  147 Not enough balance to proceed with this transaction
17-08-21 14:59:51.398 main                  INFO .s.TransactionServiceImpl                  transfer  117 requesting the rule microservice to validate the transfer
17-08-21 14:59:51.399 main                  INFO .s.TransactionServiceImpl                  transfer  154 permission granted for transaction, requesting Account microservice to proceed further
17-08-21 14:59:51.400 main                  INFO .s.TransactionServiceImpl                  transfer  157 [Source Transaction status:] TransactionStatus(message=Money Tranfer transaction successful, sourceBalance=2000.0, destinationBalance=1000.0)
17-08-21 14:59:51.401 main                  INFO .s.TransactionServiceImpl                  transfer  158 [Destination Transaction status:] TransactionStatus(message=Money deposit transaction successful, sourceBalance=0.0, destinationBalance=1000.0)
17-08-21 14:59:51.401 main                  INFO .s.TransactionServiceImpl                saveRecord  254 saving the record
17-08-21 14:59:51.402 main                  INFO .s.TransactionServiceImpl                saveRecord  273 [Transaction record details:] TransactionsHistory(id=0, transactionId=SBTR-000001-000001, transactionType=Transfer - Sent, sourceAccountId=SBACS000001, destinationAccountId=SBACS000002, amount=1000.0, dateOfTransaction=Tue Aug 17 14:59:51 IST 2021, transactionStatus=Successful, sourceBalance=2000.0, destinationBalance=1000.0)
17-08-21 14:59:51.403 main                  INFO .s.TransactionServiceImpl                saveRecord  254 saving the record
17-08-21 14:59:51.403 main                  INFO .s.TransactionServiceImpl                saveRecord  273 [Transaction record details:] TransactionsHistory(id=0, transactionId=SBTR-000002-000001, transactionType=Transfer - Received, sourceAccountId=SBACS000001, destinationAccountId=SBACS000002, amount=1000.0, dateOfTransaction=Tue Aug 17 14:59:51 IST 2021, transactionStatus=Successful, sourceBalance=0.0, destinationBalance=1000.0)
17-08-21 14:59:51.421 main                  INFO .s.TransactionServiceImpl                  withdraw   71 requesting the rule microservice to validate the withdrawal
17-08-21 14:59:51.422 main                  INFO .s.TransactionServiceImpl                  withdraw   88 permission denied for transaction, not enough balance
17-08-21 14:59:51.422 main                  INFO .s.TransactionServiceImpl                  withdraw   93 [Transaction status:] TransactionStatus(message=Denied, sourceBalance=0.0, destinationBalance=0.0)
17-08-21 14:59:51.423 main                  INFO .s.TransactionServiceImpl                saveRecord  254 saving the record
17-08-21 14:59:51.424 main                  INFO .s.TransactionServiceImpl                saveRecord  273 [Transaction record details:] TransactionsHistory(id=0, transactionId=SBTR-000001-000001, transactionType=Withdraw, sourceAccountId=SBACS000001, destinationAccountId=-, amount=1000.0, dateOfTransaction=Tue Aug 17 14:59:51 IST 2021, transactionStatus=Unsuccessful, sourceBalance=0.0, destinationBalance=0.0)
17-08-21 14:59:51.424 main                 ERROR .s.TransactionServiceImpl                  withdraw   97 Not enough balance to proceed with this transaction
17-08-21 14:59:51.439 main                  INFO .s.TransactionServiceImpl                  transfer  117 requesting the rule microservice to validate the transfer
17-08-21 14:59:51.440 main                 ERROR .s.TransactionServiceImpl                  transfer  121 Amount should be greater than 0
17-08-21 14:59:51.455 main                  INFO .s.TransactionServiceImpl                  withdraw   71 requesting the rule microservice to validate the withdrawal
17-08-21 14:59:51.456 main                 ERROR .s.TransactionServiceImpl                  withdraw   75 Amount should be greater than 0
17-08-21 14:59:51.469 main                  INFO .s.TransactionServiceImpl                   deposit   52 requesting account microservice to deposit the money
17-08-21 14:59:51.469 main                  INFO .s.TransactionServiceImpl                   deposit   62 [Transaction status:] TransactionStatus(message=Money deposit transaction successful, sourceBalance=1000.0, destinationBalance=2000.0)
17-08-21 14:59:51.470 main                  INFO .s.TransactionServiceImpl                saveRecord  254 saving the record
17-08-21 14:59:51.470 main                  INFO .s.TransactionServiceImpl                saveRecord  273 [Transaction record details:] TransactionsHistory(id=0, transactionId=SBTR-000001-000003, transactionType=Deposit, sourceAccountId=SBACS000001, destinationAccountId=-, amount=1000.0, dateOfTransaction=Tue Aug 17 14:59:51 IST 2021, transactionStatus=Successful, sourceBalance=1000.0, destinationBalance=2000.0)
17-08-21 14:59:51.499 licationShutdownHook DEBUG org.hibernate.SQL                      logStatement  144 drop table if exists transactions_history CASCADE 
17-08-21 14:59:51.512 licationShutdownHook  INFO c.z.h.HikariDataSource                        close  350 HikariPool-1 - Shutdown initiated...
17-08-21 14:59:51.517 licationShutdownHook  INFO c.z.h.HikariDataSource                        close  352 HikariPool-1 - Shutdown completed.
17-08-21 15:04:09.794 ction(188)-127.0.0.1 DEBUG org.hibernate.SQL                      logStatement  144 drop table if exists transactions_history CASCADE 
17-08-21 15:04:10.219 ction(188)-127.0.0.1  INFO c.z.h.HikariDataSource                        close  350 HikariPool-1 - Shutdown initiated...
17-08-21 15:04:10.244 ction(188)-127.0.0.1  INFO c.z.h.HikariDataSource                        close  352 HikariPool-1 - Shutdown completed.
17-08-21 15:14:27.967 restartedMain         INFO .TransactionMsApplication               logStarting   55 Starting TransactionMsApplication using Java 1.8.0_291 on LAPTOP-AIR63DJ5 with PID 27372 (E:\MFPE\Back-end\transaction-ms\target\classes started by tejat in E:\MFPE\Back-end\transaction-ms)
17-08-21 15:14:27.973 restartedMain         INFO .TransactionMsApplication     logStartupProfileInfo  659 No active profile set, falling back to default profiles: default
17-08-21 15:14:32.231 restartedMain         INFO o.a.c.c.StandardService                         log  173 Starting service [Tomcat]
17-08-21 15:14:32.232 restartedMain         INFO o.a.c.core.StandardEngine                       log  173 Starting Servlet engine: [Apache Tomcat/9.0.50]
17-08-21 15:14:32.437 restartedMain         INFO .c.c.C.[.[.[/transaction]                       log  173 Initializing Spring embedded WebApplicationContext
17-08-21 15:14:32.501 restartedMain         INFO c.z.h.HikariDataSource                getConnection  110 HikariPool-1 - Starting...
17-08-21 15:14:32.959 restartedMain         INFO c.z.h.HikariDataSource                getConnection  123 HikariPool-1 - Start completed.
17-08-21 15:14:36.052 restartedMain        DEBUG org.hibernate.SQL                      logStatement  144 drop table if exists transactions_history CASCADE 
17-08-21 15:14:36.063 restartedMain        DEBUG org.hibernate.SQL                      logStatement  144 create table transactions_history (slno bigint generated by default as identity, amount double not null, date_of_transaction timestamp, destination_account_id varchar(255), destination_balance double not null, source_account_id varchar(255), source_balance double not null, transaction_id varchar(255), transaction_status varchar(255), transaction_type varchar(255), primary key (slno))
17-08-21 15:14:39.075 restartedMain         INFO uestMappingHandlerMapping        initHandlerMethods   69 Mapped URL path [/v2/api-docs] onto method [springfox.documentation.swagger2.web.Swagger2Controller#getDocumentation(String, HttpServletRequest)]
17-08-21 15:14:43.767 restartedMain         INFO tationPluginsBootstrapper                     start  160 Context refreshed
17-08-21 15:14:43.889 restartedMain         INFO tationPluginsBootstrapper                     start  163 Found 1 custom documentation plugin(s)
17-08-21 15:14:44.026 restartedMain         INFO piListingReferenceScanner                      scan   41 Scanning for api listing references
17-08-21 15:14:44.631 restartedMain         INFO .TransactionMsApplication                logStarted   61 Started TransactionMsApplication in 19.43 seconds (JVM running for 21.636)
17-08-21 15:15:07.772 http-nio-9094-exec-9  INFO .c.c.C.[.[.[/transaction]                       log  173 Initializing Spring DispatcherServlet 'dispatcherServlet'
